MD5 differential path toolbox
Copyright (C) 2009 Marc Stevens
http://homepages.cwi.nl/~stevens/

delta_m[2] = [!8!]
Q-3:	|01100111 01000101 00100011 00000001|
Q-2:	|00010000 00110010 01010100 01110110|
Q-1:	|10011000 10111010 11011100 11111110|
Q0:	|11101111 11001101 10101011 10001001| ok p=1
Q1:	|01011111 11010100 00001111 00101100| ok p=1
Q2:	|11110100 11000101 01001111 11111100| ok p=1
Q3:	|110000+1 10010011 11101101 10001100| ok p=1
Q4:	|1001+--1 00000-++ +0001110 01001011| ok p=1
Q5:	|0011+1-1 --0101-+ +1110010 01101+-1| ok p=1
Q6:	|11-..+.+ 0+..001- ..+11... .+.+.--0| ok p=1
Q7:	|.0+.1+0+ 1+..1.1- 0!0-.... .+.0.11+| ok p=1
Q8:	|.1+..+.1 -1.!-..- ..-+.... .+.1.01+| ok p=1
Q9:	|.0+....- 1-1.0..- ^.0+.... .-.1.++.| ok p=1
Q10:	|.100.01+ 0-11+000 -010!.10 .+0+.+-0| ok p=1
Q11:	|.001.11+ 0++0-110 110+..11 0-00.-+.| ok p=1
Q12:	|.+--.0++ -1++1--- -++1.^-- 11+1^--.| ok p=1
Q13:	|.000.+-+ +----00+ ---1.+-- -------.| ok p=1
Q14:	|1111.01- 00001001 .00..1.. 01011.1.| ok p=1
Q15:	|0.-..101 010101.1 001..011 1110-0-.| ok p=0.693359
Q16:	|..+....- .....-.. ........ ......-.| ok p=0.453125
Q17:	|-.1..... ......0. ...0.... ....^.+.| ok p=0.99707
Q18:	|-.0....^ .....^1. ...1.... .0....0.| ok p=0.75
Q19:	|+....... ......-. ...+.... .1....1.| ok p=0.868164
Q20:	|+....... ........ ........ .-......| ok p=1
Q21:	|+....0.. ......^. ...^.... ........| ok p=1
Q22:	|+....1.. ........ ........ .^......| ok p=0.510742
Q23:	|1....+.. ........ ........ ........| ok p=1
Q24:	|0....... ........ .......0 ........| ok p=1
Q25:	|.....^.. ........ .......1 ........| ok p=0.506836
Q26:	|........ ........ .......- ........| ok p=0.985352
Q27:	|........ ........ ........ ........| ok p=1
Q28:	|........ ........ .......^ ........| ok p=1
Q29:	|........ ........ ........ ........| ok p=1
Q30:	|........ ........ ........ ........| ok p=1
Q31:	|........ ........ ........ ........| ok p=1
Q32:	|........ ........ ........ ........| ok p=1
Q33:	|........ ........ ........ ........| ok p=1
Q34:	|........ ........ ........ ........| ok p=1
Q35:	|........ ........ ........ ........| ok p=1
Q36:	|........ ........ ........ ........| ok p=1
Q37:	|........ ........ ........ ........| ok p=1
Q38:	|........ ........ ........ ........| ok p=1
Q39:	|........ ........ ........ ........| ok p=1
Q40:	|........ ........ ........ ........| ok p=1
Q41:	|........ ........ ........ ........| ok p=1
Q42:	|........ ........ ........ ........| ok p=1
Q43:	|........ ........ ........ ........| ok p=1
Q44:	|........ ........ ........ ........| ok p=1
Q45:	|........ ........ ........ ........| ok p=1
Q46:	|0....... ........ ........ ........| ok p=1
Q47:	|1....... ........ ........ ........| ok p=0.511719
Q48:	|+....... ........ ........ ........| ok p=1
Q49:	|-....... ........ ........ ........| ok p=1
Q50:	|-....... ........ ........ ........| ok p=1
Q51:	|-....... ........ ........ ........| ok p=1
Q52:	|-....... ........ ........ ........| ok p=1
Q53:	|-....... ........ ........ ........| ok p=1
Q54:	|-....... ........ ........ ........| ok p=1
Q55:	|-....... ........ ........ ........| ok p=1
Q56:	|-....... ........ ........ ........| ok p=1
Q57:	|-....... ........ ........ ........| ok p=1
Q58:	|-....... ........ ........ ........| ok p=1
Q59:	|-....... ........ ........ ........| ok p=1
Q60:	|-....... ........ ........ ........| ok p=1
Q61:	|-....... 0....... ........ ........| ok p=1
Q62:	|-....... ........ ........ ........| ok p=0.996094
Q63:	|-....... +....... ........ ........| ok p=1
Q64:	|+....... +....... ........ ........|
Starting...
20: Q5m5tunnel      = 0
20: Q4m5tunnel      = 0
20: Q14m6Q3m5tunnel = 0
21: Q10m10tunnel    = 1
21: Q9m10tunnel     = 3
22: Q8Q12m15tunnel  = 3
23: Q4m4tunnel      = 0
24: Q9m9tunnel      = 10
25: Q14Q3m14tunnel  = 0
.1 0
2 0
4 0
8 0
16 0
32 0
64 0
128 0
256 0
512 0
1024 0
2048 0
4096 0
8192 0
20: Q5m5tunnel      = 0
20: Q4m5tunnel      = 0
20: Q14m6Q3m5tunnel = 0
21: Q10m10tunnel    = 1
21: Q9m10tunnel     = 3
22: Q8Q12m15tunnel  = 3
23: Q4m4tunnel      = 0
24: Q9m9tunnel      = 10
25: Q14Q3m14tunnel  = 0
.11276 1
16384 1
32768 1
32876 2
65536 2
131072 3
154449 4
245355 8
262144 8
468746 16
524288 16
Block 1: ./data/coll1_1625298211
50 68 75 6f 6e 67 20 44 61 69 20 32 32 35 32 30 
31 38 30 0a dd 5f 69 a0 31 02 5a 38 39 bb b2 63 
ea 73 79 33 6f 9f e0 6b 58 36 ce 01 a3 be 2a 2a 
51 8b f3 79 0d d1 67 41 6b a2 71 83 2a 80 8f 95 
Block 2: ./data/coll2_1625298211
50 68 75 6f 6e 67 20 44 61 6a 20 32 32 35 32 30 
31 38 30 0a dd 5f 69 a0 31 02 5a 38 39 bb b2 63 
ea 73 79 33 6f 9f e0 6b 58 36 ce 01 a3 be 2a 2a 
51 8b f3 79 0d d1 67 41 6b a2 71 83 2a 80 8f 95 
Found collision!
