MD5 differential path toolbox
Copyright (C) 2009 Marc Stevens
http://homepages.cwi.nl/~stevens/

delta_m[2] = [!8!]
Q-3:	|+1000100 01100010 11111001 11010110|
Q-2:	|-1100001 11110000 01101101 01011000|
Q-1:	|+010011- +1101110 00001011 00100010|
Q0:	|+101101- +1010111 01110100 01010011| ok p=0.672852
Q1:	|+......0 -...00.. ........ -+..0...| ok p=1
Q2:	|+......1 -...+-.. .......^ 1-..-...| ok p=1
Q3:	|-......+ ....+-.. !0.....- 1-..1...| ok p=1
Q4:	|-1!...^- 0...+-.0 .0.....0 .-1.1...| ok p=1
Q5:	|-0....+- ....0+.0 .-.....1 .00.1...| ok p=1
Q6:	|11.1..0+ ....1-^- .+....!. .0..-...| ok p=1
Q7:	|0..1..-0 ....-0++ .+...... .0..0...| ok p=1
Q8:	|1..-1.-0 ....0-0- .+...... .1..1...| ok p=1
Q9:	|...-0... ....0-0- 0+..1..0 .+^^01.^| ok p=1
Q10:	|!.10+.00 0010110- 0-0110.1 0+^-11.-| ok p=1
Q11:	|..0+-111 1110001- -111+100 11+10-00| ok p=1
Q12:	|..+-10++ +++++-+0 0+----1+ +01+++10| ok p=1
Q13:	|.!-++--- -----+-- -----+++ +------.| ok p=1
Q14:	|..000111 11000101 01-..010 .001110.| ok p=1
Q15:	|..+1010- 00000110 00.1110+ 0110-0-.| ok p=0.951172
Q16:	|..+....- .0....-. ..^..... ......0.| ok p=0.808594
Q17:	|..0....1 .1....1. ...0...^ ....^.+.| ok p=0.998047
Q18:	|..1....0 .-....1. ...1.... .0......| ok p=0.706055
Q19:	|........ ......-. ...+.... .1....^.| ok p=0.885742
Q20:	|0....... .^...... ........ .-......| ok p=1
Q21:	|1....0.. ......^. ...^.... ........| ok p=0.526367
Q22:	|+....1.. ........ ........ .^......| ok p=0.55957
Q23:	|.....+.. ........ ........ ........| ok p=0.96875
Q24:	|^....... ........ .......0 ........| ok p=1
Q25:	|.....^.. ........ .......1 ........| ok p=0.503906
Q26:	|........ ........ .......- ........| ok p=0.974609
Q27:	|........ ........ ........ ........| ok p=1
Q28:	|........ ........ .......^ ........| ok p=1
Q29:	|........ ........ ........ ........| ok p=1
Q30:	|........ ........ ........ ........| ok p=1
Q31:	|........ ........ ........ ........| ok p=1
Q32:	|........ ........ ........ ........| ok p=1
Q33:	|........ ........ ........ ........| ok p=1
Q34:	|........ ........ ........ ........| ok p=1
Q35:	|........ ........ ........ ........| ok p=1
Q36:	|........ ........ ........ ........| ok p=1
Q37:	|........ ........ ........ ........| ok p=1
Q38:	|........ ........ ........ ........| ok p=1
Q39:	|........ ........ ........ ........| ok p=1
Q40:	|........ ........ ........ ........| ok p=1
Q41:	|........ ........ ........ ........| ok p=1
Q42:	|........ ........ ........ ........| ok p=1
Q43:	|........ ........ ........ ........| ok p=1
Q44:	|........ ........ ........ ........| ok p=1
Q45:	|........ ........ ........ ........| ok p=1
Q46:	|0....... ........ ........ ........| ok p=1
Q47:	|1....... ........ ........ ........| ok p=0.495117
Q48:	|-....... ........ ........ ........| ok p=1
Q49:	|-....... ........ ........ ........| ok p=1
Q50:	|+....... ........ ........ ........| ok p=1
Q51:	|-....... ........ ........ ........| ok p=1
Q52:	|+....... ........ ........ ........| ok p=1
Q53:	|-....... ........ ........ ........| ok p=1
Q54:	|+....... ........ ........ ........| ok p=1
Q55:	|-....... ........ ........ ........| ok p=1
Q56:	|+....... ........ ........ ........| ok p=1
Q57:	|-....... ........ ........ ........| ok p=1
Q58:	|+....... ........ ........ ........| ok p=1
Q59:	|-....... ........ ........ ........| ok p=1
Q60:	|+....... ........ ........ ........| ok p=1
Q61:	|-....... 0....... ........ ........| ok p=1
Q62:	|+....... ........ ........ ........| ok p=1
Q63:	|-....... +....... ........ ........| ok p=1
Q64:	|+....... +....... ........ ........|
Starting...
20: Q5m5tunnel      = 2
20: Q4m5tunnel      = 1
20: Q14m6Q3m5tunnel = 3
21: Q10m10tunnel    = 1
21: Q9m10tunnel     = 2
22: Q8Q12m15tunnel  = 1
23: Q4m4tunnel      = 16
24: Q9m9tunnel      = 9
25: Q14Q3m14tunnel  = 1
20: Q5m5tunnel      = 2
20: Q4m5tunnel      = 1
20: Q14m6Q3m5tunnel = 3
21: Q10m10tunnel    = 1
21: Q9m10tunnel     = 2
22: Q8Q12m15tunnel  = 1
23: Q4m4tunnel      = 16
24: Q9m9tunnel      = 9
25: Q14Q3m14tunnel  = 1
..1 0
2 0
4 0
8 0
16 0
32 0
64 0
128 0
256 0
512 0
1024 0
2048 0
4096 0
8192 0
16384 0
20778 1
32768 1
65536 1
93657 2
131072 3
132257 4
Block 1: ./data/coll1_909447664
2e ed 5a c4 62 d1 35 73 ff 26 e8 e8 a8 b8 1e fe 
fd 64 80 fc c9 cc b0 a2 ac b9 d3 69 09 e9 31 3e 
20 85 e0 e7 e2 6b 50 82 20 0e 6d d3 ae 4d ad 04 
80 60 e1 2a 23 f3 1f 70 00 92 08 13 63 2b 3c c7 
Block 2: ./data/coll2_909447664
2e ed 5a c4 62 d1 35 73 ff 27 e8 e8 a8 b8 1e fe 
fd 64 80 fc c9 cc b0 a2 ac b9 d3 69 09 e9 31 3e 
20 85 e0 e7 e2 6b 50 82 20 0e 6d d3 ae 4d ad 04 
80 60 e1 2a 23 f3 1f 70 00 92 08 13 63 2b 3c c7 
Found collision!
