Connect MD5 differential paths
Copyright (C) 2009 Marc Stevens
http://homepages.cwi.nl/~stevens/

delta_m[2] = [!8!]
Loading upper_1_640000/paths16_0of1.bin.gz...Loading data/paths11_0of1.bin.gz...done: 160000. (4.32096s)
done: 640000. (24.2107s)
t=12: 0%   10   20   30   40   50   60   70   80   90   100%
      |----|----|----|----|----|----|----|----|----|----|
      *Q-3:	|+1000100 01100010 11111001 11010110|
Q-2:	|-1100001 11110000 01101101 01011000|
Q-1:	|+010011- +1101110 00001011 00100010|
Q0:	|+101101- +1010111 01110100 01010011| ok p=0.646484
Q1:	|+......0 -...00.. ........ -+..0...| ok p=1
Q2:	|+......1 -...+-.. .......^ 1-..-...| ok p=0.998047
Q3:	|-......+ ....+-.. .0.....- 1-..1...| ok p=1
Q4:	|-.!...^- 0...+-.0 .0.....0 .-1.1...| ok p=1
Q5:	|-1.!..+- ....0+.0 .-.....1 .00.1...| ok p=1
Q6:	|00.1..0+ ....1-^- .+....!. .0..-...| ok p=1
Q7:	|0..1!.-0 ....-0++ .+...... .0..0...| ok p=1
Q8:	|..!-1.-0 ....0-0- .+...... .11.1...| ok p=1
Q9:	|...-0... ....0-0- 0+..00.. .+0^.1.^| ok p=1
Q10:	|!.10+.00 0010110- 0-0101.1 0+0-11.-| ok p=1
Q11:	|..0+-111 1110001- -111+010 11+10-00| ok p=1
Q12:	|..+-10++ +++++-+0 0+----0+ +01+++10| ok p=1
Q13:	|!.-++--- -----+-- -----+++ +------.| ok p=1
Q14:	|..000111 11000101 10-..010 .010110.| ok p=1
Q15:	|..+1010- 00000110 00.1110+ 0110-0-.| ok p=0.957031
Q16:	|..+....- .0....-. ..^..... ......0.| ok p=0.808594
Q17:	|..0....1 .1....1. ...0...^ ....^.+.| ok p=0.996094
Q18:	|..1....0 .-....1. ...1.... .0......| ok p=0.726562
Q19:	|........ ......-. ...+.... .1....^.| ok p=0.882812
Q20:	|0....... .^...... ........ .-......| ok p=1
Q21:	|1....0.. ......^. ...^.... ........| ok p=0.525391
Q22:	|+....1.. ........ ........ .^......| ok p=0.536133
Q23:	|.....+.. ........ ........ ........| ok p=0.967773
Q24:	|^....... ........ .......0 ........| ok p=1
Q25:	|.....^.. ........ .......1 ........| ok p=0.505859
Q26:	|........ ........ .......- ........| ok p=0.982422
Q27:	|........ ........ ........ ........| ok p=1
Q28:	|........ ........ .......^ ........| ok p=1
Q29:	|........ ........ ........ ........| ok p=1
Q30:	|........ ........ ........ ........| ok p=1
Q31:	|........ ........ ........ ........| ok p=1
Q32:	|........ ........ ........ ........| ok p=1
Q33:	|........ ........ ........ ........| ok p=1
Q34:	|........ ........ ........ ........| ok p=1
Q35:	|........ ........ ........ ........| ok p=1
Q36:	|........ ........ ........ ........| ok p=1
Q37:	|........ ........ ........ ........| ok p=1
Q38:	|........ ........ ........ ........| ok p=1
Q39:	|........ ........ ........ ........| ok p=1
Q40:	|........ ........ ........ ........| ok p=1
Q41:	|........ ........ ........ ........| ok p=1
Q42:	|........ ........ ........ ........| ok p=1
Q43:	|........ ........ ........ ........| ok p=1
Q44:	|........ ........ ........ ........| ok p=1
Q45:	|........ ........ ........ ........| ok p=1
Q46:	|0....... ........ ........ ........| ok p=1
Q47:	|1....... ........ ........ ........| ok p=0.495117
Q48:	|-....... ........ ........ ........| ok p=1
Q49:	|-....... ........ ........ ........| ok p=1
Q50:	|+....... ........ ........ ........| ok p=1
Q51:	|-....... ........ ........ ........| ok p=1
Q52:	|+....... ........ ........ ........| ok p=1
Q53:	|-....... ........ ........ ........| ok p=1
Q54:	|+....... ........ ........ ........| ok p=1
Q55:	|-....... ........ ........ ........| ok p=1
Q56:	|+....... ........ ........ ........| ok p=1
Q57:	|-....... ........ ........ ........| ok p=1
Q58:	|+....... ........ ........ ........| ok p=1
Q59:	|-....... ........ ........ ........| ok p=1
Q60:	|+....... ........ ........ ........| ok p=1
Q61:	|-....... 0....... ........ ........| ok p=1
Q62:	|+....... ........ ........ ........| ok p=1
Q63:	|-....... +....... ........ ........| ok p=1
Q64:	|+....... +....... ........ ........|
Best path: totcompl=-9 tottunnel=38, totcond=468, p=0.0200263
Best paths: 2
Best paths: 4
Q-3:	|+1000100 01100010 11111001 11010110|
Q-2:	|-1100001 11110000 01101101 01011000|
Q-1:	|+010011- +1101110 00001011 00100010|
Q0:	|+101101- +1010111 01110100 01010011| ok p=0.634766
Q1:	|+......0 -...00.. ........ -+..0...| ok p=1
Q2:	|+......1 -...+-.. .......^ 1-..-...| ok p=1
Q3:	|-......+ ....+-.. !0.....- 1-..1...| ok p=1
Q4:	|-1!...^- 0...+-.0 .0.....0 .-1.1...| ok p=1
Q5:	|-0....+- ....0+.0 .-.....1 .00.1...| ok p=1
Q6:	|11.1..0+ ....1-^- .+....!. .0..-...| ok p=1
Q7:	|0..1..-0 ....-0++ .+...... .0..0...| ok p=1
Q8:	|1..-1.-0 ....0-0- .+...... .1..1...| ok p=1
Q9:	|...-0... ....0-0- 0+..1..0 .+^^01.^| ok p=1
Q10:	|!.10+.00 0010110- 0-0110.1 0+^-11.-| ok p=1
Q11:	|..0+-111 1110001- -111+100 11+10-00| ok p=1
Q12:	|..+-10++ +++++-+0 0+----1+ +01+++10| ok p=1
Q13:	|.!-++--- -----+-- -----+++ +------.| ok p=1
Q14:	|..000111 11000101 01-..010 .001110.| ok p=1
Q15:	|..+1010- 00000110 00.1110+ 0110-0-.| ok p=0.93457
Q16:	|..+....- .0....-. ..^..... ......0.| ok p=0.801758
Q17:	|..0....1 .1....1. ...0...^ ....^.+.| ok p=0.998047
Q18:	|..1....0 .-....1. ...1.... .0......| ok p=0.744141
Q19:	|........ ......-. ...+.... .1....^.| ok p=0.892578
Q20:	|0....... .^...... ........ .-......| ok p=1
Q21:	|1....0.. ......^. ...^.... ........| ok p=0.539062
Q22:	|+....1.. ........ ........ .^......| ok p=0.517578
Q23:	|.....+.. ........ ........ ........| ok p=0.973633
Q24:	|^....... ........ .......0 ........| ok p=1
Q25:	|.....^.. ........ .......1 ........| ok p=0.492188
Q26:	|........ ........ .......- ........| ok p=0.980469
Q27:	|........ ........ ........ ........| ok p=1
Q28:	|........ ........ .......^ ........| ok p=1
Q29:	|........ ........ ........ ........| ok p=1
Q30:	|........ ........ ........ ........| ok p=1
Q31:	|........ ........ ........ ........| ok p=1
Q32:	|........ ........ ........ ........| ok p=1
Q33:	|........ ........ ........ ........| ok p=1
Q34:	|........ ........ ........ ........| ok p=1
Q35:	|........ ........ ........ ........| ok p=1
Q36:	|........ ........ ........ ........| ok p=1
Q37:	|........ ........ ........ ........| ok p=1
Q38:	|........ ........ ........ ........| ok p=1
Q39:	|........ ........ ........ ........| ok p=1
Q40:	|........ ........ ........ ........| ok p=1
Q41:	|........ ........ ........ ........| ok p=1
Q42:	|........ ........ ........ ........| ok p=1
Q43:	|........ ........ ........ ........| ok p=1
Q44:	|........ ........ ........ ........| ok p=1
Q45:	|........ ........ ........ ........| ok p=1
Q46:	|0....... ........ ........ ........| ok p=1
Q47:	|1....... ........ ........ ........| ok p=0.476562
Q48:	|-....... ........ ........ ........| ok p=1
Q49:	|-....... ........ ........ ........| ok p=1
Q50:	|+....... ........ ........ ........| ok p=1
Q51:	|-....... ........ ........ ........| ok p=1
Q52:	|+....... ........ ........ ........| ok p=1
Q53:	|-....... ........ ........ ........| ok p=1
Q54:	|+....... ........ ........ ........| ok p=1
Q55:	|-....... ........ ........ ........| ok p=1
Q56:	|+....... ........ ........ ........| ok p=1
Q57:	|-....... ........ ........ ........| ok p=1
Q58:	|+....... ........ ........ ........| ok p=1
Q59:	|-....... ........ ........ ........| ok p=1
Q60:	|+....... ........ ........ ........| ok p=1
Q61:	|-....... 0....... ........ ........| ok p=1
Q62:	|+....... ........ ........ ........| ok p=1
Q63:	|-....... +....... ........ ........| ok p=1
Q64:	|+....... +....... ........ ........|
Best path: totcompl=-8 tottunnel=39, totcond=468, p=0.0201225
Best paths: 2
Best paths: 4
