Connect MD5 differential paths
Copyright (C) 2009 Marc Stevens
http://homepages.cwi.nl/~stevens/

delta_m[2] = [!8!]
Loading upper_1_640000/paths16_0of1.bin.gz...Loading data/paths11_0of1.bin.gz...done: 160000. (1.63127s)
done: 640000. (20.0802s)
t=12: 0%   10   20   30   40   50   60   70   80   90   100%
      |----|----|----|----|----|----|----|----|----|----|
      *************************************Q-3:	|01100111 01000101 00100011 00000001|
Q-2:	|00010000 00110010 01010100 01110110|
Q-1:	|10011000 10111010 11011100 11111110|
Q0:	|11101111 11001101 10101011 10001001| ok p=1
Q1:	|01011111 11010100 00001111 00101100| ok p=1
Q2:	|11110100 11000101 01001111 11111100| ok p=1
Q3:	|110000+1 10010011 11101101 10001100| ok p=1
Q4:	|1001+--1 00000-++ +0001110 01001011| ok p=1
Q5:	|0011+1-1 --0101-+ +1110010 01101+-1| ok p=1
Q6:	|1.-..+.+ 0+..001- ..+1.... .+0+.--0| ok p=1
Q7:	|0.+.1+0+ 1+..1.1- 0!0-.... .+.0.11+| ok p=1
Q8:	|.!+..+.1 -1.!-..- ..-+.... .+.1.01+| ok p=1
Q9:	|!0+....- 1-1.0..- ^.0+.... .-.1.++.| ok p=1
Q10:	|.100.01+ 0-11+000 -010.1!1 .+0+.+-0| ok p=1
Q11:	|.001.11+ 0++0-110 110+^1.0 0-00.-+.| ok p=1
Q12:	|.+--.0++ -1++1--- -++1-+^+ 11+1^--.| ok p=1
Q13:	|.000.+-+ +----00+ ---10+-- -------.| ok p=1
Q14:	|.111.01- 00001001 .00.1.11 01011.1.| ok p=1
Q15:	|00-..101 010101.1 001..011 1110-0-.| ok p=0.710938
Q16:	|..+....- .....-.. ........ ......-.| ok p=0.474609
Q17:	|-.1..... ......0. ...0.... ....^.+.| ok p=0.990234
Q18:	|-.0....^ .....^1. ...1.... .0....0.| ok p=0.728516
Q19:	|+....... ......-. ...+.... .1....1.| ok p=0.871094
Q20:	|+....... ........ ........ .-......| ok p=1
Q21:	|+....0.. ......^. ...^.... ........| ok p=1
Q22:	|+....1.. ........ ........ .^......| ok p=0.50293
Q23:	|1....+.. ........ ........ ........| ok p=1
Q24:	|0....... ........ .......0 ........| ok p=1
Q25:	|.....^.. ........ .......1 ........| ok p=0.481445
Q26:	|........ ........ .......- ........| ok p=0.980469
Q27:	|........ ........ ........ ........| ok p=1
Q28:	|........ ........ .......^ ........| ok p=1
Q29:	|........ ........ ........ ........| ok p=1
Q30:	|........ ........ ........ ........| ok p=1
Q31:	|........ ........ ........ ........| ok p=1
Q32:	|........ ........ ........ ........| ok p=1
Q33:	|........ ........ ........ ........| ok p=1
Q34:	|........ ........ ........ ........| ok p=1
Q35:	|........ ........ ........ ........| ok p=1
Q36:	|........ ........ ........ ........| ok p=1
Q37:	|........ ........ ........ ........| ok p=1
Q38:	|........ ........ ........ ........| ok p=1
Q39:	|........ ........ ........ ........| ok p=1
Q40:	|........ ........ ........ ........| ok p=1
Q41:	|........ ........ ........ ........| ok p=1
Q42:	|........ ........ ........ ........| ok p=1
Q43:	|........ ........ ........ ........| ok p=1
Q44:	|........ ........ ........ ........| ok p=1
Q45:	|........ ........ ........ ........| ok p=1
Q46:	|0....... ........ ........ ........| ok p=1
Q47:	|1....... ........ ........ ........| ok p=0.510742
Q48:	|+....... ........ ........ ........| ok p=1
Q49:	|-....... ........ ........ ........| ok p=1
Q50:	|-....... ........ ........ ........| ok p=1
Q51:	|-....... ........ ........ ........| ok p=1
Q52:	|-....... ........ ........ ........| ok p=1
Q53:	|-....... ........ ........ ........| ok p=1
Q54:	|-....... ........ ........ ........| ok p=1
Q55:	|-....... ........ ........ ........| ok p=1
Q56:	|-....... ........ ........ ........| ok p=1
Q57:	|-....... ........ ........ ........| ok p=1
Q58:	|-....... ........ ........ ........| ok p=1
Q59:	|-....... ........ ........ ........| ok p=1
Q60:	|-....... ........ ........ ........| ok p=1
Q61:	|-....... 0....... ........ ........| ok p=1
Q62:	|-....... ........ ........ ........| ok p=0.99707
Q63:	|-....... +....... ........ ........| ok p=1
Q64:	|+....... +....... ........ ........|
Best path: totcompl=-36 tottunnel=14, totcond=583, p=0.02606
Best paths: 2
Best paths: 4
Q-3:	|01100111 01000101 00100011 00000001|
Q-2:	|00010000 00110010 01010100 01110110|
Q-1:	|10011000 10111010 11011100 11111110|
Q0:	|11101111 11001101 10101011 10001001| ok p=1
Q1:	|01011111 11010100 00001111 00101100| ok p=1
Q2:	|11110100 11000101 01001111 11111100| ok p=1
Q3:	|110000+1 10010011 11101101 10001100| ok p=1
Q4:	|1001+--1 00000-++ +0001110 01001011| ok p=1
Q5:	|0011+1-1 --0101-+ +1110010 01101+-1| ok p=1
Q6:	|..-.0+.+ 0+..001- ..+1...1 .+.+.--0| ok p=1
Q7:	|!.+.1+0+ 1+..1.1- 0!0-.... .+.0.11+| ok p=1
Q8:	|.!+..+.1 -1!.-..- ..-+.... .+.1.01+| ok p=1
Q9:	|.!+1...- 1-1.0..- ^.0+..1. .-.1.++.| ok p=1
Q10:	|.100.01+ 0-11+000 -010.000 .+0+.+-0| ok p=1
Q11:	|.001.11+ 0++0-110 110+.001 0-00.-+.| ok p=1
Q12:	|.+--.0++ -1++1--- -++1.-+- 11+1^--.| ok p=1
Q13:	|.000.+-+ +----00+ ---1.+-- -------.| ok p=1
Q14:	|1111.01- 00001001 .00..11. 01011.1.| ok p=1
Q15:	|0.-..101 010101.1 001..011 1110-0-.| ok p=0.685547
Q16:	|..+....- .....-.. ........ ......-.| ok p=0.487305
Q17:	|-.1..... ......0. ...0.... ....^.+.| ok p=0.996094
Q18:	|-.0....^ .....^1. ...1.... .0....0.| ok p=0.720703
Q19:	|+....... ......-. ...+.... .1....1.| ok p=0.892578
Q20:	|+....... ........ ........ .-......| ok p=1
Q21:	|+....0.. ......^. ...^.... ........| ok p=1
Q22:	|+....1.. ........ ........ .^......| ok p=0.499023
Q23:	|1....+.. ........ ........ ........| ok p=1
Q24:	|0....... ........ .......0 ........| ok p=1
Q25:	|.....^.. ........ .......1 ........| ok p=0.491211
Q26:	|........ ........ .......- ........| ok p=0.976562
Q27:	|........ ........ ........ ........| ok p=1
Q28:	|........ ........ .......^ ........| ok p=1
Q29:	|........ ........ ........ ........| ok p=1
Q30:	|........ ........ ........ ........| ok p=1
Q31:	|........ ........ ........ ........| ok p=1
Q32:	|........ ........ ........ ........| ok p=1
Q33:	|........ ........ ........ ........| ok p=1
Q34:	|........ ........ ........ ........| ok p=1
Q35:	|........ ........ ........ ........| ok p=1
Q36:	|........ ........ ........ ........| ok p=1
Q37:	|........ ........ ........ ........| ok p=1
Q38:	|........ ........ ........ ........| ok p=1
Q39:	|........ ........ ........ ........| ok p=1
Q40:	|........ ........ ........ ........| ok p=1
Q41:	|........ ........ ........ ........| ok p=1
Q42:	|........ ........ ........ ........| ok p=1
Q43:	|........ ........ ........ ........| ok p=1
Q44:	|........ ........ ........ ........| ok p=1
Q45:	|........ ........ ........ ........| ok p=1
Q46:	|0....... ........ ........ ........| ok p=1
Q47:	|1....... ........ ........ ........| ok p=0.507812
Q48:	|+....... ........ ........ ........| ok p=1
Q49:	|-....... ........ ........ ........| ok p=1
Q50:	|-....... ........ ........ ........| ok p=1
Q51:	|-....... ........ ........ ........| ok p=1
Q52:	|-....... ........ ........ ........| ok p=1
Q53:	|-....... ........ ........ ........| ok p=1
Q54:	|-....... ........ ........ ........| ok p=1
Q55:	|-....... ........ ........ ........| ok p=1
Q56:	|-....... ........ ........ ........| ok p=1
Q57:	|-....... ........ ........ ........| ok p=1
Q58:	|-....... ........ ........ ........| ok p=1
Q59:	|-....... ........ ........ ........| ok p=1
Q60:	|-....... ........ ........ ........| ok p=1
Q61:	|-....... 0....... ........ ........| ok p=1
Q62:	|-....... ........ ........ ........| ok p=0.996094
Q63:	|-....... +....... ........ ........| ok p=1
Q64:	|+....... +....... ........ ........|
Best path: totcompl=-35 tottunnel=15, totcond=581, p=0.022732
Q-3:	|01100111 01000101 00100011 00000001|
Q-2:	|00010000 00110010 01010100 01110110|
Q-1:	|10011000 10111010 11011100 11111110|
Q0:	|11101111 11001101 10101011 10001001| ok p=1
Q1:	|01011111 11010100 00001111 00101100| ok p=1
Q2:	|11110100 11000101 01001111 11111100| ok p=1
Q3:	|110000+1 10010011 11101101 10001100| ok p=1
Q4:	|1001+--1 00000-++ +0001110 01001011| ok p=1
Q5:	|0011+1-1 --0101-+ +1110010 01101+-1| ok p=1
Q6:	|11-..+.+ 0+..001- ..+11... .+.+.--0| ok p=1
Q7:	|.0+.1+0+ 1+..1.1- 0!0-.... .+.0.11+| ok p=1
Q8:	|.1+..+.1 -1.!-..- ..-+.... .+.1.01+| ok p=1
Q9:	|.0+....- 1-1.0..- ^.0+.... .-.1.++.| ok p=1
Q10:	|.100.01+ 0-11+000 -010!.10 .+0+.+-0| ok p=1
Q11:	|.001.11+ 0++0-110 110+..11 0-00.-+.| ok p=1
Q12:	|.+--.0++ -1++1--- -++1.^-- 11+1^--.| ok p=1
Q13:	|.000.+-+ +----00+ ---1.+-- -------.| ok p=1
Q14:	|1111.01- 00001001 .00..1.. 01011.1.| ok p=1
Q15:	|0.-..101 010101.1 001..011 1110-0-.| ok p=0.677734
Q16:	|..+....- .....-.. ........ ......-.| ok p=0.459961
Q17:	|-.1..... ......0. ...0.... ....^.+.| ok p=0.998047
Q18:	|-.0....^ .....^1. ...1.... .0....0.| ok p=0.719727
Q19:	|+....... ......-. ...+.... .1....1.| ok p=0.875977
Q20:	|+....... ........ ........ .-......| ok p=1
Q21:	|+....0.. ......^. ...^.... ........| ok p=1
Q22:	|+....1.. ........ ........ .^......| ok p=0.514648
Q23:	|1....+.. ........ ........ ........| ok p=1
Q24:	|0....... ........ .......0 ........| ok p=1
Q25:	|.....^.. ........ .......1 ........| ok p=0.493164
Q26:	|........ ........ .......- ........| ok p=0.980469
Q27:	|........ ........ ........ ........| ok p=1
Q28:	|........ ........ .......^ ........| ok p=1
Q29:	|........ ........ ........ ........| ok p=1
Q30:	|........ ........ ........ ........| ok p=1
Q31:	|........ ........ ........ ........| ok p=1
Q32:	|........ ........ ........ ........| ok p=1
Q33:	|........ ........ ........ ........| ok p=1
Q34:	|........ ........ ........ ........| ok p=1
Q35:	|........ ........ ........ ........| ok p=1
Q36:	|........ ........ ........ ........| ok p=1
Q37:	|........ ........ ........ ........| ok p=1
Q38:	|........ ........ ........ ........| ok p=1
Q39:	|........ ........ ........ ........| ok p=1
Q40:	|........ ........ ........ ........| ok p=1
Q41:	|........ ........ ........ ........| ok p=1
Q42:	|........ ........ ........ ........| ok p=1
Q43:	|........ ........ ........ ........| ok p=1
Q44:	|........ ........ ........ ........| ok p=1
Q45:	|........ ........ ........ ........| ok p=1
Q46:	|0....... ........ ........ ........| ok p=1
Q47:	|1....... ........ ........ ........| ok p=0.490234
Q48:	|+....... ........ ........ ........| ok p=1
Q49:	|-....... ........ ........ ........| ok p=1
Q50:	|-....... ........ ........ ........| ok p=1
Q51:	|-....... ........ ........ ........| ok p=1
Q52:	|-....... ........ ........ ........| ok p=1
Q53:	|-....... ........ ........ ........| ok p=1
Q54:	|-....... ........ ........ ........| ok p=1
Q55:	|-....... ........ ........ ........| ok p=1
Q56:	|-....... ........ ........ ........| ok p=1
Q57:	|-....... ........ ........ ........| ok p=1
Q58:	|-....... ........ ........ ........| ok p=1
Q59:	|-....... ........ ........ ........| ok p=1
Q60:	|-....... ........ ........ ........| ok p=1
Q61:	|-....... 0....... ........ ........| ok p=1
Q62:	|-....... ........ ........ ........| ok p=0.996094
Q63:	|-....... +....... ........ ........| ok p=1
Q64:	|+....... +....... ........ ........|
Best path: totcompl=-34 tottunnel=16, totcond=578, p=0.0291701
Best paths: 2
