MD5 differential path toolbox
Copyright (C) 2009 Marc Stevens
http://homepages.cwi.nl/~stevens/

delta_m[2] = [!8!]
In-block prefix bytes: 0
In-block prefix words: 0

Starting paths:
Q-3:	|+1000100 01100010 11111001 11010110|
Q-2:	|-1100001 11110000 01101101 01011000|
Q-1:	|+010011- +1101110 00001011 00100010|
Q0:	|+101101- +1010111 01110100 01010011| ok p=0.320312
Q1:	|+....... -....... ........ .-......|
Saving data/path_2nc.bin...done.
Extend MD5 differential paths forward
Copyright (C) 2009 Marc Stevens
http://homepages.cwi.nl/~stevens/

delta_m[2] = [!8!]
Loading data/path_2nc.bin...done: 1. (0.000128984s)
Estimating maxcond for upper bound 160000 (=40000 * 4)...
t=1:  0%   10   20   30   40   50   60   70   80   90   100%
      |----|----|----|----|----|----|----|----|----|----|
e     ***************************************************
Found maxcond = 2176
t=1:  0%   10   20   30   40   50   60   70   80   90   100%
      |----|----|----|----|----|----|----|----|----|----|
      ***************************************************
Q-3:	|+1000100 01100010 11111001 11010110|
Q-2:	|-1100001 11110000 01101101 01011000|
Q-1:	|+010011- +1101110 00001011 00100010|
Q0:	|+101101- +1010111 01110100 01010011| ok p=0.30957
Q1:	|+....... -....... ........ .-......| ok p=0.998047
Q2:	|+....... -....-.. ........ .-..-...|
Saving 6 paths...cached.
Autobalance parameters: maxcond=2176 (ab#:0)
Verified: 0 bad out of 6
Estimating maxcond for upper bound 320000 (=80000 * 4)...
t=2:  0%   10   20   30   40   50   60   70   80   90   100%
      |----|----|----|----|----|----|----|----|----|----|
e     ***************************************************
Found maxcond = 2176
t=2:  0%   10   20   30   40   50   60   70   80   90   100%
      |----|----|----|----|----|----|----|----|----|----|
      ***************************************************
Q-3:	|+1000100 01100010 11111001 11010110|
Q-2:	|-1100001 11110000 01101101 01011000|
Q-1:	|+010011- +1101110 00001011 00100010|
Q0:	|+101101- +1010111 01110100 01010011| ok p=0.34668
Q1:	|+......- +....1.. ........ .-..0...| ok p=0.996094
Q2:	|+....... -....-.. ........ .-..-...| ok p=0.975586
Q3:	|+.....+. -....-.. ......-. .-..-...|
Saving 776 paths...cached.
Autobalance parameters: maxcond=2176 (ab#:0)
Verified: 24 bad out of 800
Estimating maxcond for upper bound 640000 (=160000 * 4)...
t=3:  0%   10   20   30   40   50   60   70   80   90   100%
      |----|----|----|----|----|----|----|----|----|----|
e     ***************************************************
Found maxcond = 155
t=3:  0%   10   20   30   40   50   60   70   80   90   100%
      |----|----|----|----|----|----|----|----|----|----|
      ***************************************************
Q-3:	|+1000100 01100010 11111001 11010110|
Q-2:	|-1100001 11110000 01101101 01011000|
Q-1:	|+010011- +1101110 00001011 00100010|
Q0:	|+101101- +1010111 01110100 01010011| ok p=0.34375
Q1:	|+......- +....1.. ......V. .-..0...| ok p=0.990234
Q2:	|+......- +....-.. ........ .-..-...| ok p=0.979492
Q3:	|+......+ +....-.. ......-. .-..-...| ok p=0.863281
Q4:	|+..-.... -....-.. .-....-. .-..-...|
Saving 160000 paths...cached.
Autobalance parameters: maxcond=154 (ab#:1)
Verified: 1464 bad out of 241694
Estimating maxcond for upper bound 640000 (=160000 * 4)...
t=4:  0%   10   20   30   40   50   60   70   80   90   100%
      |----|----|----|----|----|----|----|----|----|----|
e     ***************************************************
Found maxcond = 163
t=4:  0%   10   20   30   40   50   60   70   80   90   100%
      |----|----|----|----|----|----|----|----|----|----|
      ***************************************************
Q-3:	|+1000100 01100010 11111001 11010110|
Q-2:	|-1100001 11110000 01101101 01011000|
Q-1:	|+010011- +1101110 00001011 00100010|
Q0:	|+101101- +1010111 01110100 01010011| ok p=0.347656
Q1:	|+......0 -....1.. ......1. 0-..0...| ok p=1
Q2:	|+......1 -....-.. ......0. -+..-...| ok p=0.985352
Q3:	|+......+ .....-.. ......-. ++..-...| ok p=0.490234
Q4:	|.......- 1....-.. ......-. ++..-...| ok p=0.754883
Q5:	|.+...-.+ .....-.- .....-.- .-..-...|
Saving 160000 paths...cached.
Autobalance parameters: maxcond=162 (ab#:1)
Verified: 0 bad out of 188855
Estimating maxcond for upper bound 640000 (=160000 * 4)...
t=5:  0%   10   20   30   40   50   60   70   80   90   100%
      |----|----|----|----|----|----|----|----|----|----|
e     ***************************************************
Found maxcond = 173
t=5:  0%   10   20   30   40   50   60   70   80   90   100%
      |----|----|----|----|----|----|----|----|----|----|
      ***************************************************
Q-3:	|+1000100 01100010 11111001 11010110|
Q-2:	|-1100001 11110000 01101101 01011000|
Q-1:	|+010011- +1101110 00001011 00100010|
Q0:	|+101101- +1010111 01110100 01010011| ok p=0.341797
Q1:	|+......0 -....0.. ......V. 0-..0...| ok p=1
Q2:	|+......1 -....-.. ......1. -+..-...| ok p=0.999023
Q3:	|-V.....+ .....-.. ......-. ++..0...| ok p=1
Q4:	|-......+ 1....-.. ......-. -+..1...| ok p=0.366211
Q5:	|.+.....- .....-.. ......-. 0.......| ok p=0.49707
Q6:	|.-.....- ..-..+.. -.....-. ....+..-|
Saving 160000 paths...cached.
Autobalance parameters: maxcond=171 (ab#:2)
Verified: 1572 bad out of 295686
Estimating maxcond for upper bound 640000 (=160000 * 4)...
t=6:  0%   10   20   30   40   50   60   70   80   90   100%
      |----|----|----|----|----|----|----|----|----|----|
e     ***************************************************
Found maxcond = 183
t=6:  0%   10   20   30   40   50   60   70   80   90   100%
      |----|----|----|----|----|----|----|----|----|----|
      ***************************************************
Q-3:	|+1000100 01100010 11111001 11010110|
Q-2:	|-1100001 11110000 01101101 01011000|
Q-1:	|+010011- +1101110 00001011 00100010|
Q0:	|+101101- +1010111 01110100 01010011| ok p=0.664062
Q1:	|+......0 -...11.. .......V -+..0...| ok p=1
Q2:	|+......1 -...+-.. ........ 1-..-...| ok p=0.988281
Q3:	|+......+ ....1+.. .V.....- 1-..+...| ok p=1
Q4:	|-......+ 0...1+.. .1.....0 .-.V+...| ok p=0.498047
Q5:	|0......+ .....+.. .-.....1 .-..+...| ok p=0.522461
Q6:	|+......+ .....-.. .-...... .-.+....| ok p=0.958984
Q7:	|+.....-. ..+..-.. .-...+.. ..-.....|
Saving 160000 paths...cached.
Autobalance parameters: maxcond=181 (ab#:2)
Verified: 4286 bad out of 276966
Estimating maxcond for upper bound 640000 (=160000 * 4)...
t=7:  0%   10   20   30   40   50   60   70   80   90   100%
      |----|----|----|----|----|----|----|----|----|----|
e     ***************************************************
Found maxcond = 192
t=7:  0%   10   20   30   40   50   60   70   80   90   100%
      |----|----|----|----|----|----|----|----|----|----|
      ***************************************************
Q-3:	|+1000100 01100010 11111001 11010110|
Q-2:	|-1100001 11110000 01101101 01011000|
Q-1:	|+010011- +1101110 00001011 00100010|
Q0:	|+101101- +1010111 01110100 01010011| ok p=0.65332
Q1:	|+......0 -...00.. .......V -+..0...| ok p=1
Q2:	|+......1 -...+-.. .......0 1-..-...| ok p=0.99707
Q3:	|-......+ ....1+.. .V.....- 1-..1...| ok p=0.984375
Q4:	|-......- 0...1+.V .0.....+ .-..1...| ok p=0.489258
Q5:	|-.....V- .....+.1 .-.....+ ....1...| ok p=0.473633
Q6:	|.......- .....-.- .+.....+ .0..-...| ok p=0.995117
Q7:	|1.....-. .....-.- .+.....+ ....+...| ok p=0.30957
Q8:	|+..-.-.. ..+..-.- .-....+. ....+...|
Saving 160000 paths...cached.
Autobalance parameters: maxcond=191 (ab#:1)
Verified: 1291 bad out of 193846
Estimating maxcond for upper bound 640000 (=160000 * 4)...
t=8:  0%   10   20   30   40   50   60   70   80   90   100%
      |----|----|----|----|----|----|----|----|----|----|
e     ***************************************************
Found maxcond = 204
t=8:  0%   10   20   30   40   50   60   70   80   90   100%
      |----|----|----|----|----|----|----|----|----|----|
      ***************************************************
Q-3:	|+1000100 01100010 11111001 11010110|
Q-2:	|-1100001 11110000 01101101 01011000|
Q-1:	|+010011- +1101110 00001011 00100010|
Q0:	|+101101- +1010111 01110100 01010011| ok p=0.641602
Q1:	|+......0 -...00.. .......V -+..0...| ok p=1
Q2:	|+......1 -...+-.. ........ 1-..-...| ok p=0.999023
Q3:	|-.....V+ ....+-.. .V.....- 1-..1...| ok p=0.963867
Q4:	|-......- 0...+-.V .0.....0 .-..1...| ok p=0.510742
Q5:	|-.....+- .....+.1 .-.....1 ....1...| ok p=0.50293
Q6:	|...V..0+ ....1-.- .+.....V .0..-...| ok p=0.987305
Q7:	|0.....-1 .....-.- .+...... ....0...| ok p=0.925781
Q8:	|...-..-1 .....-.. .-.....+ ....1...| ok p=0.267578
Q9:	|+..-..-. -....-.. .-.....+ .+.....-|
Saving 160000 paths...cached.
Autobalance parameters: maxcond=202 (ab#:2)
Verified: 600 bad out of 291038
Estimating maxcond for upper bound 640000 (=160000 * 4)...
t=9:  0%   10   20   30   40   50   60   70   80   90   100%
      |----|----|----|----|----|----|----|----|----|----|
e     ***************************************************
Found maxcond = 213
t=9:  0%   10   20   30   40   50   60   70   80   90   100%
      |----|----|----|----|----|----|----|----|----|----|
      ***************************************************
Q-3:	|+1000100 01100010 11111001 11010110|
Q-2:	|-1100001 11110000 01101101 01011000|
Q-1:	|+010011- +1101110 00001011 00100010|
Q0:	|+101101- +1010111 01110100 01010011| ok p=0.666016
Q1:	|+......0 -...00.. .......V -+..0...| ok p=1
Q2:	|+......1 -...+-.. ........ 1-..-...| ok p=0.998047
Q3:	|-.....V+ ....+-.. .V.....- 1-..1...| ok p=0.966797
Q4:	|-......- 0...+-.V .0.....0 .-..1...| ok p=0.495117
Q5:	|-.....+- ....1+.1 .-.....1 ....1...| ok p=0.474609
Q6:	|...V..0+ ....-+.- .+...... .0..-...| ok p=0.993164
Q7:	|0..1..-1 V...1-.- .+...... .V..0...| ok p=0.911133
Q8:	|...-..-0 ....1-.. .-...... ....1...| ok p=0.487305
Q9:	|...-.... -....-.1 .-...... .+......| ok p=0.536133
Q10:	|+.-..+.. -....-.- .+...... .+.-...-|
Saving 160000 paths...cached.
Autobalance parameters: maxcond=212 (ab#:1)
Verified: 48 bad out of 181992
Estimating maxcond for upper bound 640000 (=160000 * 4)...
t=10: 0%   10   20   30   40   50   60   70   80   90   100%
      |----|----|----|----|----|----|----|----|----|----|
e     ***************************************************
Found maxcond = 226
t=10: 0%   10   20   30   40   50   60   70   80   90   100%
      |----|----|----|----|----|----|----|----|----|----|
      ***************************************************
Q-3:	|+1000100 01100010 11111001 11010110|
Q-2:	|-1100001 11110000 01101101 01011000|
Q-1:	|+010011- +1101110 00001011 00100010|
Q0:	|+101101- +1010111 01110100 01010011| ok p=0.647461
Q1:	|+.....0. -...00.. .......V -+..0...| ok p=1
Q2:	|+.....11 -...+-.. .V...... 0-..-...| ok p=0.99707
Q3:	|-.....+. ....+-.. .......- 1-..1...| ok p=0.986328
Q4:	|-0....0. 0...1+.. V+.....0 .-..1...| ok p=0.261719
Q5:	|.1....+V ....1+.. .0..V..1 ....0...| ok p=0.742188
Q6:	|0+.V..+0 ....-+.. -0..1... .0..-...| ok p=0.427734
Q7:	|.-.1...- ....++.. 1...+... ....+...| ok p=0.670898
Q8:	|.-.-V.1- V...0-.. +...+... ....-...| ok p=0.509766
Q9:	|.+.-...- ....1-.. +...+... ....-...| ok p=0.678711
Q10:	|.1.--... -....-.. ....+... ....+...| ok p=0.832031
Q11:	|....+... -....-.. ..-..+.. ..+.-..+|
Saving 160000 paths...cached.
Autobalance parameters: maxcond=225 (ab#:1)
Verified: 1490 bad out of 207967
Estimating maxcond for upper bound 640000 (=160000 * 4)...
t=11: 0%   10   20   30   40   50   60   70   80   90   100%
      |----|----|----|----|----|----|----|----|----|----|
e     ***************************************************
Found maxcond = 240
t=11: 0%   10   20   30   40   50   60   70   80   90   100%
      |----|----|----|----|----|----|----|----|----|----|
      ***************************************************
Q-3:	|+1000100 01100010 11111001 11010110|
Q-2:	|-1100001 11110000 01101101 01011000|
Q-1:	|+010011- +1101110 00001011 00100010|
Q0:	|+101101- +1010111 01110100 01010011| ok p=0.628906
Q1:	|+......0 -...11.. .......V -+..0...| ok p=1
Q2:	|+......1 -...+-.. ........ 1-..-...| ok p=0.987305
Q3:	|+......+ ....1+.. .V.....- 1-..+...| ok p=1
Q4:	|+......+ 0...1+.. .1.....0 -+.1+...| ok p=0.495117
Q5:	|1.....V+ .....+.. .-...V.1 -+V0+...| ok p=0.476562
Q6:	|+......+ ........ .-...1.. 1-.+....| ok p=0.993164
Q7:	|-.....-. .V...1.. .-..V+.. 10-01...| ok p=0.988281
Q8:	|-.....11 ........ .+..0+.. ++1+....| ok p=0.526367
Q9:	|......+V .-V..... .1..-0.. ++0+....| ok p=0.943359
Q10:	|0.....+. .1...... .0..-0.. +++.....| ok p=0.964844
Q11:	|......++ .1+..... ....--.. .++1....| ok p=0.275391
Q12:	|+..-...- ........ +..-.+.. +..-...-|
Saving 160000 paths...done. (1.80238s)
Autobalance parameters: maxcond=238 (ab#:2)
Verified: 192 bad out of 296846
Runtime: 42.0062
