MD5 differential path toolbox
Copyright (C) 2009 Marc Stevens
http://homepages.cwi.nl/~stevens/

delta_m[2] = [!8!]
In-block prefix bytes: 20
In-block prefix words: 5

Starting paths:
Q-3:	|01100111 01000101 00100011 00000001|
Q-2:	|00010000 00110010 01010100 01110110|
Q-1:	|10011000 10111010 11011100 11111110|
Q0:	|11101111 11001101 10101011 10001001| ok p=1
Q1:	|01011111 11010100 00001111 00101100| ok p=1
Q2:	|11110100 11000101 01001111 11111100| ok p=1
Q3:	|110000+1 10010011 11101101 10001100| ok p=1
Q4:	|1001+--1 00000-++ +0001110 01001011| ok p=1
Q5:	|0011+1-1 --0101-+ +1110010 01101+-1| ok p=0.928711
Q6:	|..-..+.+ .+.....- ..+..... .+..+.+.|
Saving data/path_prefix.bin...done.
Extend MD5 differential paths forward
Copyright (C) 2009 Marc Stevens
http://homepages.cwi.nl/~stevens/

delta_m[2] = [!8!]
Loading data/path_prefix.bin...done: 1. (9.29832e-05s)
Estimating maxcond for upper bound 640000 (=160000 * 4)...
t=6:  0%   10   20   30   40   50   60   70   80   90   100%
      |----|----|----|----|----|----|----|----|----|----|
e     ***************************************************
Found maxcond = 2176
t=6:  0%   10   20   30   40   50   60   70   80   90   100%
      |----|----|----|----|----|----|----|----|----|----|
      ***************************************************
Q-3:	|01100111 01000101 00100011 00000001|
Q-2:	|00010000 00110010 01010100 01110110|
Q-1:	|10011000 10111010 11011100 11111110|
Q0:	|11101111 11001101 10101011 10001001| ok p=1
Q1:	|01011111 11010100 00001111 00101100| ok p=1
Q2:	|11110100 11000101 01001111 11111100| ok p=1
Q3:	|110000+1 10010011 11101101 10001100| ok p=1
Q4:	|1001+--1 00000-++ +0001110 01001011| ok p=1
Q5:	|0011+1-1 --0101-+ +1110010 01101+-1| ok p=0.931641
Q6:	|..-..+.+ 0+...10- ..+..... .+..+0+.| ok p=0.616211
Q7:	|..+..+.+ .+...-.- ...-.... .+.+...+|
Saving 280 paths...cached.
Autobalance parameters: maxcond=2176 (ab#:0)
Verified: 0 bad out of 280
Estimating maxcond for upper bound 640000 (=160000 * 4)...
t=7:  0%   10   20   30   40   50   60   70   80   90   100%
      |----|----|----|----|----|----|----|----|----|----|
e     ***************************************************
Found maxcond = 321
t=7:  0%   10   20   30   40   50   60   70   80   90   100%
      |----|----|----|----|----|----|----|----|----|----|
      ***************************************************
Q-3:	|01100111 01000101 00100011 00000001|
Q-2:	|00010000 00110010 01010100 01110110|
Q-1:	|10011000 10111010 11011100 11111110|
Q0:	|11101111 11001101 10101011 10001001| ok p=1
Q1:	|01011111 11010100 00001111 00101100| ok p=1
Q2:	|11110100 11000101 01001111 11111100| ok p=1
Q3:	|110000+1 10010011 11101101 10001100| ok p=1
Q4:	|1001+--1 00000-++ +0001110 01001011| ok p=1
Q5:	|0011+1-1 --0101-+ +1110010 01101+-1| ok p=0.926758
Q6:	|..-..+.+ 0+...01- ..+1.... .+.+.--1| ok p=0.665039
Q7:	|..+.1+1+ 1+....1- 1.0-.... .+.0.0.+| ok p=0.879883
Q8:	|..+.+.-. .-..-... -..-.... ..+....+|
Saving 160000 paths...cached.
Autobalance parameters: maxcond=320 (ab#:1)
Verified: 384 bad out of 167936
Estimating maxcond for upper bound 640000 (=160000 * 4)...
t=8:  0%   10   20   30   40   50   60   70   80   90   100%
      |----|----|----|----|----|----|----|----|----|----|
e     ***************************************************
Found maxcond = 334
t=8:  0%   10   20   30   40   50   60   70   80   90   100%
      |----|----|----|----|----|----|----|----|----|----|
      ***************************************************
Q-3:	|01100111 01000101 00100011 00000001|
Q-2:	|00010000 00110010 01010100 01110110|
Q-1:	|10011000 10111010 11011100 11111110|
Q0:	|11101111 11001101 10101011 10001001| ok p=1
Q1:	|01011111 11010100 00001111 00101100| ok p=1
Q2:	|11110100 11000101 01001111 11111100| ok p=1
Q3:	|110000+1 10010011 11101101 10001100| ok p=1
Q4:	|1001+--1 00000-++ +0001110 01001011| ok p=1
Q5:	|0011+1-1 --0101-+ +1110010 01101+-1| ok p=0.938477
Q6:	|..-..+.+ 0+...0-+ ..+1.... .+..+1+0| ok p=0.663086
Q7:	|..+.0+0+ 1+....++ 0.0-.... .+..+-0+| ok p=0.931641
Q8:	|..+..+.. +.....-- ..1-.... .....+1+| ok p=0.451172
Q9:	|+.+..+.+ .-...-.+ ...+.+.. -...+.+.|
Saving 160000 paths...cached.
Autobalance parameters: maxcond=333 (ab#:1)
Verified: 40 bad out of 212448
Estimating maxcond for upper bound 640000 (=160000 * 4)...
t=9:  0%   10   20   30   40   50   60   70   80   90   100%
      |----|----|----|----|----|----|----|----|----|----|
e     ***************************************************
Found maxcond = 349
t=9:  0%   10   20   30   40   50   60   70   80   90   100%
      |----|----|----|----|----|----|----|----|----|----|
      ***************************************************
Q-3:	|01100111 01000101 00100011 00000001|
Q-2:	|00010000 00110010 01010100 01110110|
Q-1:	|10011000 10111010 11011100 11111110|
Q0:	|11101111 11001101 10101011 10001001| ok p=1
Q1:	|01011111 11010100 00001111 00101100| ok p=1
Q2:	|11110100 11000101 01001111 11111100| ok p=1
Q3:	|110000+1 10010011 11101101 10001100| ok p=1
Q4:	|1001+--1 00000-++ +0001110 01001011| ok p=1
Q5:	|0011+1-1 --0101-+ +1110010 01101+-1| ok p=0.870117
Q6:	|..-.1+.+ 0+...01- ..+1.... .+..+1+1| ok p=0.755859
Q7:	|..+.0+0+ 1+....++ 0.0-..V. .+..111+| ok p=0.939453
Q8:	|..+.+... -+....-- ..1-.... .+..1.0+| ok p=0.989258
Q9:	|..+.+1.1 +.....-- ...+..+. .+....+.| ok p=0.836914
Q10:	|..+.-.+. -...+.-. -.+..+.- ...+..+.|
Saving 160000 paths...cached.
Autobalance parameters: maxcond=347 (ab#:2)
Verified: 64 bad out of 293184
Estimating maxcond for upper bound 640000 (=160000 * 4)...
t=10: 0%   10   20   30   40   50   60   70   80   90   100%
      |----|----|----|----|----|----|----|----|----|----|
e     ***************************************************
Found maxcond = 362
t=10: 0%   10   20   30   40   50   60   70   80   90   100%
      |----|----|----|----|----|----|----|----|----|----|
      ***************************************************
Q-3:	|01100111 01000101 00100011 00000001|
Q-2:	|00010000 00110010 01010100 01110110|
Q-1:	|10011000 10111010 11011100 11111110|
Q0:	|11101111 11001101 10101011 10001001| ok p=1
Q1:	|01011111 11010100 00001111 00101100| ok p=1
Q2:	|11110100 11000101 01001111 11111100| ok p=1
Q3:	|110000+1 10010011 11101101 10001100| ok p=1
Q4:	|1001+--1 00000-++ +0001110 01001011| ok p=1
Q5:	|0011+1-1 --0101-+ +1110010 01101+-1| ok p=0.921875
Q6:	|..-..+.+ 0+..V01- 1.+1.... .+.+.--0| ok p=0.746094
Q7:	|..+.1+1+ 1+..1.1- 0.0-.... .+.0.11+| ok p=0.883789
Q8:	|..+..+.1 -...-... -.1-.... .+.1.01+| ok p=0.970703
Q9:	|..+..+.- 11..-..0 -..+.... .-.1.++.| ok p=0.813477
Q10:	|.....-.0 1....... ...1.... .+.+.0+1| ok p=0.670898
Q11:	|.....-.. +.....+. +..+.+.- .-.....-|
Saving 160000 paths...cached.
Autobalance parameters: maxcond=360 (ab#:2)
Verified: 0 bad out of 284338
Estimating maxcond for upper bound 640000 (=160000 * 4)...
t=11: 0%   10   20   30   40   50   60   70   80   90   100%
      |----|----|----|----|----|----|----|----|----|----|
e     ***************************************************
Found maxcond = 375
t=11: 0%   10   20   30   40   50   60   70   80   90   100%
      |----|----|----|----|----|----|----|----|----|----|
      ***************************************************
Q-3:	|01100111 01000101 00100011 00000001|
Q-2:	|00010000 00110010 01010100 01110110|
Q-1:	|10011000 10111010 11011100 11111110|
Q0:	|11101111 11001101 10101011 10001001| ok p=1
Q1:	|01011111 11010100 00001111 00101100| ok p=1
Q2:	|11110100 11000101 01001111 11111100| ok p=1
Q3:	|110000+1 10010011 11101101 10001100| ok p=1
Q4:	|1001+--1 00000-++ +0001110 01001011| ok p=1
Q5:	|0011+1-1 --0101-+ +1110010 01101+-1| ok p=0.925781
Q6:	|..-..+.+ 0+..001- ..+1.... .+.+.--0| ok p=0.658203
Q7:	|..+.1+0+ 1+..1.1- 0.0-.... .+.0.11+| ok p=0.842773
Q8:	|..+..+.1 -1..-..- V.1-.... .+V1.01+| ok p=0.969727
Q9:	|..+....- 0-..-..- ...+.... .-...++.| ok p=0.863281
Q10:	|.....0.1 0-..1..- +..1.... .++..--0| ok p=0.666016
Q11:	|..1....1 .+..+... 0..+.... .-0..++.| ok p=0.811523
Q12:	|...+.... +..+...+ ..-..-.+ .+..+.-.|
Saving 160000 paths...done. (0.753105s)
Autobalance parameters: maxcond=374 (ab#:1)
Verified: 0 bad out of 270640
Runtime: 17.3278
