Extend MD5 differential paths forward
Copyright (C) 2009 Marc Stevens
http://homepages.cwi.nl/~stevens/

delta_m[2] = [!8!]
Loading upper_1_640000/paths32_0of1...done: 1 (work:1). (0.000118017s)
Estimating maxcond for upper bound 2560000 (=640000 * 4)...
t=33: 0%   10   20   30   40   50   60   70   80   90   100%
      |----|----|----|----|----|----|----|----|----|----|
e     ***************************************************
Found maxcond = 2176
t=33: 0%   10   20   30   40   50   60   70   80   90   100%
      |----|----|----|----|----|----|----|----|----|----|
      ***************************************************
Q29:	|........ ........ ........ ........|
Q30:	|........ ........ ........ ........|
Q31:	|........ ........ ........ ........|
Q32:	|........ ........ ........ ........| ok p=1
Q33:	|........ ........ ........ ........| ok p=1
Q34:	|........ ........ ........ ........|
Saving 1 paths...cached.
Autobalance parameters: maxcond=2176 (ab#:0)
Verified: 0 bad out of 1
Estimating maxcond for upper bound 2560000 (=640000 * 4)...
t=34: 0%   10   20   30   40   50   60   70   80   90   100%
      |----|----|----|----|----|----|----|----|----|----|
e     ***************************************************
Found maxcond = 2176
t=34: 0%   10   20   30   40   50   60   70   80   90   100%
      |----|----|----|----|----|----|----|----|----|----|
      ***************************************************
Q29:	|........ ........ ........ ........|
Q30:	|........ ........ ........ ........|
Q31:	|........ ........ ........ ........|
Q32:	|........ ........ ........ ........| ok p=1
Q33:	|........ ........ ........ ........| ok p=1
Q34:	|........ ........ ........ ........| ok p=1
Q35:	|........ ........ ........ ........|
Saving 1 paths...cached.
Autobalance parameters: maxcond=2176 (ab#:0)
Verified: 0 bad out of 1
Estimating maxcond for upper bound 2560000 (=640000 * 4)...
t=35: 0%   10   20   30   40   50   60   70   80   90   100%
      |----|----|----|----|----|----|----|----|----|----|
e     ***************************************************
Found maxcond = 2176
t=35: 0%   10   20   30   40   50   60   70   80   90   100%
      |----|----|----|----|----|----|----|----|----|----|
      ***************************************************
Q29:	|........ ........ ........ ........|
Q30:	|........ ........ ........ ........|
Q31:	|........ ........ ........ ........|
Q32:	|........ ........ ........ ........| ok p=1
Q33:	|........ ........ ........ ........| ok p=1
Q34:	|........ ........ ........ ........| ok p=1
Q35:	|........ ........ ........ ........| ok p=1
Q36:	|........ ........ ........ ........|
Saving 1 paths...cached.
Autobalance parameters: maxcond=2176 (ab#:0)
Verified: 0 bad out of 1
Estimating maxcond for upper bound 2560000 (=640000 * 4)...
t=36: 0%   10   20   30   40   50   60   70   80   90   100%
      |----|----|----|----|----|----|----|----|----|----|
e     ***************************************************
Found maxcond = 2176
t=36: 0%   10   20   30   40   50   60   70   80   90   100%
      |----|----|----|----|----|----|----|----|----|----|
      ***************************************************
Q29:	|........ ........ ........ ........|
Q30:	|........ ........ ........ ........|
Q31:	|........ ........ ........ ........|
Q32:	|........ ........ ........ ........| ok p=1
Q33:	|........ ........ ........ ........| ok p=1
Q34:	|........ ........ ........ ........| ok p=1
Q35:	|........ ........ ........ ........| ok p=1
Q36:	|........ ........ ........ ........| ok p=1
Q37:	|........ ........ ........ ........|
Saving 1 paths...cached.
Autobalance parameters: maxcond=2176 (ab#:0)
Verified: 0 bad out of 1
Estimating maxcond for upper bound 2560000 (=640000 * 4)...
t=37: 0%   10   20   30   40   50   60   70   80   90   100%
      |----|----|----|----|----|----|----|----|----|----|
e     ***************************************************
Found maxcond = 2176
t=37: 0%   10   20   30   40   50   60   70   80   90   100%
      |----|----|----|----|----|----|----|----|----|----|
      ***************************************************
Q29:	|........ ........ ........ ........|
Q30:	|........ ........ ........ ........|
Q31:	|........ ........ ........ ........|
Q32:	|........ ........ ........ ........| ok p=1
Q33:	|........ ........ ........ ........| ok p=1
Q34:	|........ ........ ........ ........| ok p=1
Q35:	|........ ........ ........ ........| ok p=1
Q36:	|........ ........ ........ ........| ok p=1
Q37:	|........ ........ ........ ........| ok p=1
Q38:	|........ ........ ........ ........|
Saving 1 paths...cached.
Autobalance parameters: maxcond=2176 (ab#:0)
Verified: 0 bad out of 1
Estimating maxcond for upper bound 2560000 (=640000 * 4)...
t=38: 0%   10   20   30   40   50   60   70   80   90   100%
      |----|----|----|----|----|----|----|----|----|----|
e     ***************************************************
Found maxcond = 2176
t=38: 0%   10   20   30   40   50   60   70   80   90   100%
      |----|----|----|----|----|----|----|----|----|----|
      ***************************************************
Q29:	|........ ........ ........ ........|
Q30:	|........ ........ ........ ........|
Q31:	|........ ........ ........ ........|
Q32:	|........ ........ ........ ........| ok p=1
Q33:	|........ ........ ........ ........| ok p=1
Q34:	|........ ........ ........ ........| ok p=1
Q35:	|........ ........ ........ ........| ok p=1
Q36:	|........ ........ ........ ........| ok p=1
Q37:	|........ ........ ........ ........| ok p=1
Q38:	|........ ........ ........ ........| ok p=1
Q39:	|........ ........ ........ ........|
Saving 1 paths...cached.
Autobalance parameters: maxcond=2176 (ab#:0)
Verified: 0 bad out of 1
Estimating maxcond for upper bound 2560000 (=640000 * 4)...
t=39: 0%   10   20   30   40   50   60   70   80   90   100%
      |----|----|----|----|----|----|----|----|----|----|
e     ***************************************************
Found maxcond = 2176
t=39: 0%   10   20   30   40   50   60   70   80   90   100%
      |----|----|----|----|----|----|----|----|----|----|
      ***************************************************
Q29:	|........ ........ ........ ........|
Q30:	|........ ........ ........ ........|
Q31:	|........ ........ ........ ........|
Q32:	|........ ........ ........ ........| ok p=1
Q33:	|........ ........ ........ ........| ok p=1
Q34:	|........ ........ ........ ........| ok p=1
Q35:	|........ ........ ........ ........| ok p=1
Q36:	|........ ........ ........ ........| ok p=1
Q37:	|........ ........ ........ ........| ok p=1
Q38:	|........ ........ ........ ........| ok p=1
Q39:	|........ ........ ........ ........| ok p=1
Q40:	|........ ........ ........ ........|
Saving 1 paths...cached.
Autobalance parameters: maxcond=2176 (ab#:0)
Verified: 0 bad out of 1
Estimating maxcond for upper bound 2560000 (=640000 * 4)...
t=40: 0%   10   20   30   40   50   60   70   80   90   100%
      |----|----|----|----|----|----|----|----|----|----|
e     ***************************************************
Found maxcond = 2176
t=40: 0%   10   20   30   40   50   60   70   80   90   100%
      |----|----|----|----|----|----|----|----|----|----|
      ***************************************************
Q29:	|........ ........ ........ ........|
Q30:	|........ ........ ........ ........|
Q31:	|........ ........ ........ ........|
Q32:	|........ ........ ........ ........| ok p=1
Q33:	|........ ........ ........ ........| ok p=1
Q34:	|........ ........ ........ ........| ok p=1
Q35:	|........ ........ ........ ........| ok p=1
Q36:	|........ ........ ........ ........| ok p=1
Q37:	|........ ........ ........ ........| ok p=1
Q38:	|........ ........ ........ ........| ok p=1
Q39:	|........ ........ ........ ........| ok p=1
Q40:	|........ ........ ........ ........| ok p=1
Q41:	|........ ........ ........ ........|
Saving 1 paths...cached.
Autobalance parameters: maxcond=2176 (ab#:0)
Verified: 0 bad out of 1
Estimating maxcond for upper bound 2560000 (=640000 * 4)...
t=41: 0%   10   20   30   40   50   60   70   80   90   100%
      |----|----|----|----|----|----|----|----|----|----|
e     ***************************************************
Found maxcond = 2176
t=41: 0%   10   20   30   40   50   60   70   80   90   100%
      |----|----|----|----|----|----|----|----|----|----|
      ***************************************************
Q29:	|........ ........ ........ ........|
Q30:	|........ ........ ........ ........|
Q31:	|........ ........ ........ ........|
Q32:	|........ ........ ........ ........| ok p=1
Q33:	|........ ........ ........ ........| ok p=1
Q34:	|........ ........ ........ ........| ok p=1
Q35:	|........ ........ ........ ........| ok p=1
Q36:	|........ ........ ........ ........| ok p=1
Q37:	|........ ........ ........ ........| ok p=1
Q38:	|........ ........ ........ ........| ok p=1
Q39:	|........ ........ ........ ........| ok p=1
Q40:	|........ ........ ........ ........| ok p=1
Q41:	|........ ........ ........ ........| ok p=1
Q42:	|........ ........ ........ ........|
Saving 1 paths...cached.
Autobalance parameters: maxcond=2176 (ab#:0)
Verified: 0 bad out of 1
Estimating maxcond for upper bound 2560000 (=640000 * 4)...
t=42: 0%   10   20   30   40   50   60   70   80   90   100%
      |----|----|----|----|----|----|----|----|----|----|
e     ***************************************************
Found maxcond = 2176
t=42: 0%   10   20   30   40   50   60   70   80   90   100%
      |----|----|----|----|----|----|----|----|----|----|
      ***************************************************
Q29:	|........ ........ ........ ........|
Q30:	|........ ........ ........ ........|
Q31:	|........ ........ ........ ........|
Q32:	|........ ........ ........ ........| ok p=1
Q33:	|........ ........ ........ ........| ok p=1
Q34:	|........ ........ ........ ........| ok p=1
Q35:	|........ ........ ........ ........| ok p=1
Q36:	|........ ........ ........ ........| ok p=1
Q37:	|........ ........ ........ ........| ok p=1
Q38:	|........ ........ ........ ........| ok p=1
Q39:	|........ ........ ........ ........| ok p=1
Q40:	|........ ........ ........ ........| ok p=1
Q41:	|........ ........ ........ ........| ok p=1
Q42:	|........ ........ ........ ........| ok p=1
Q43:	|........ ........ ........ ........|
Saving 1 paths...cached.
Autobalance parameters: maxcond=2176 (ab#:0)
Verified: 0 bad out of 1
Estimating maxcond for upper bound 2560000 (=640000 * 4)...
t=43: 0%   10   20   30   40   50   60   70   80   90   100%
      |----|----|----|----|----|----|----|----|----|----|
e     ***************************************************
Found maxcond = 2176
t=43: 0%   10   20   30   40   50   60   70   80   90   100%
      |----|----|----|----|----|----|----|----|----|----|
      ***************************************************
Q29:	|........ ........ ........ ........|
Q30:	|........ ........ ........ ........|
Q31:	|........ ........ ........ ........|
Q32:	|........ ........ ........ ........| ok p=1
Q33:	|........ ........ ........ ........| ok p=1
Q34:	|........ ........ ........ ........| ok p=1
Q35:	|........ ........ ........ ........| ok p=1
Q36:	|........ ........ ........ ........| ok p=1
Q37:	|........ ........ ........ ........| ok p=1
Q38:	|........ ........ ........ ........| ok p=1
Q39:	|........ ........ ........ ........| ok p=1
Q40:	|........ ........ ........ ........| ok p=1
Q41:	|........ ........ ........ ........| ok p=1
Q42:	|........ ........ ........ ........| ok p=1
Q43:	|........ ........ ........ ........| ok p=1
Q44:	|........ ........ ........ ........|
Saving 1 paths...cached.
Autobalance parameters: maxcond=2176 (ab#:0)
Verified: 0 bad out of 1
Estimating maxcond for upper bound 2560000 (=640000 * 4)...
t=44: 0%   10   20   30   40   50   60   70   80   90   100%
      |----|----|----|----|----|----|----|----|----|----|
e     ***************************************************
Found maxcond = 2176
t=44: 0%   10   20   30   40   50   60   70   80   90   100%
      |----|----|----|----|----|----|----|----|----|----|
      ***************************************************
Q29:	|........ ........ ........ ........|
Q30:	|........ ........ ........ ........|
Q31:	|........ ........ ........ ........|
Q32:	|........ ........ ........ ........| ok p=1
Q33:	|........ ........ ........ ........| ok p=1
Q34:	|........ ........ ........ ........| ok p=1
Q35:	|........ ........ ........ ........| ok p=1
Q36:	|........ ........ ........ ........| ok p=1
Q37:	|........ ........ ........ ........| ok p=1
Q38:	|........ ........ ........ ........| ok p=1
Q39:	|........ ........ ........ ........| ok p=1
Q40:	|........ ........ ........ ........| ok p=1
Q41:	|........ ........ ........ ........| ok p=1
Q42:	|........ ........ ........ ........| ok p=1
Q43:	|........ ........ ........ ........| ok p=1
Q44:	|........ ........ ........ ........| ok p=1
Q45:	|........ ........ ........ ........|
Saving 1 paths...cached.
Autobalance parameters: maxcond=2176 (ab#:0)
Verified: 0 bad out of 1
Estimating maxcond for upper bound 2560000 (=640000 * 4)...
t=45: 0%   10   20   30   40   50   60   70   80   90   100%
      |----|----|----|----|----|----|----|----|----|----|
e     ***************************************************
Found maxcond = 2176
t=45: 0%   10   20   30   40   50   60   70   80   90   100%
      |----|----|----|----|----|----|----|----|----|----|
      ***************************************************
Q29:	|........ ........ ........ ........|
Q30:	|........ ........ ........ ........|
Q31:	|........ ........ ........ ........|
Q32:	|........ ........ ........ ........| ok p=1
Q33:	|........ ........ ........ ........| ok p=1
Q34:	|........ ........ ........ ........| ok p=1
Q35:	|........ ........ ........ ........| ok p=1
Q36:	|........ ........ ........ ........| ok p=1
Q37:	|........ ........ ........ ........| ok p=1
Q38:	|........ ........ ........ ........| ok p=1
Q39:	|........ ........ ........ ........| ok p=1
Q40:	|........ ........ ........ ........| ok p=1
Q41:	|........ ........ ........ ........| ok p=1
Q42:	|........ ........ ........ ........| ok p=1
Q43:	|........ ........ ........ ........| ok p=1
Q44:	|........ ........ ........ ........| ok p=1
Q45:	|........ ........ ........ ........| ok p=1
Q46:	|........ ........ ........ ........|
Saving 1 paths...cached.
Autobalance parameters: maxcond=2176 (ab#:0)
Verified: 0 bad out of 1
Estimating maxcond for upper bound 2560000 (=640000 * 4)...
t=46: 0%   10   20   30   40   50   60   70   80   90   100%
      |----|----|----|----|----|----|----|----|----|----|
e     ***************************************************
Found maxcond = 2176
t=46: 0%   10   20   30   40   50   60   70   80   90   100%
      |----|----|----|----|----|----|----|----|----|----|
      ***************************************************
Q29:	|........ ........ ........ ........|
Q30:	|........ ........ ........ ........|
Q31:	|........ ........ ........ ........|
Q32:	|........ ........ ........ ........| ok p=1
Q33:	|........ ........ ........ ........| ok p=1
Q34:	|........ ........ ........ ........| ok p=1
Q35:	|........ ........ ........ ........| ok p=1
Q36:	|........ ........ ........ ........| ok p=1
Q37:	|........ ........ ........ ........| ok p=1
Q38:	|........ ........ ........ ........| ok p=1
Q39:	|........ ........ ........ ........| ok p=1
Q40:	|........ ........ ........ ........| ok p=1
Q41:	|........ ........ ........ ........| ok p=1
Q42:	|........ ........ ........ ........| ok p=1
Q43:	|........ ........ ........ ........| ok p=1
Q44:	|........ ........ ........ ........| ok p=1
Q45:	|........ ........ ........ ........| ok p=1
Q46:	|........ ........ ........ ........| ok p=1
Q47:	|........ ........ ........ ........|
Saving 1 paths...cached.
Autobalance parameters: maxcond=2176 (ab#:0)
Verified: 0 bad out of 1
Estimating maxcond for upper bound 2560000 (=640000 * 4)...
t=47: 0%   10   20   30   40   50   60   70   80   90   100%
      |----|----|----|----|----|----|----|----|----|----|
e     ***************************************************
Found maxcond = 2176
t=47: 0%   10   20   30   40   50   60   70   80   90   100%
      |----|----|----|----|----|----|----|----|----|----|
      ***************************************************
Q29:	|........ ........ ........ ........|
Q30:	|........ ........ ........ ........|
Q31:	|........ ........ ........ ........|
Q32:	|........ ........ ........ ........| ok p=1
Q33:	|........ ........ ........ ........| ok p=1
Q34:	|........ ........ ........ ........| ok p=1
Q35:	|........ ........ ........ ........| ok p=1
Q36:	|........ ........ ........ ........| ok p=1
Q37:	|........ ........ ........ ........| ok p=1
Q38:	|........ ........ ........ ........| ok p=1
Q39:	|........ ........ ........ ........| ok p=1
Q40:	|........ ........ ........ ........| ok p=1
Q41:	|........ ........ ........ ........| ok p=1
Q42:	|........ ........ ........ ........| ok p=1
Q43:	|........ ........ ........ ........| ok p=1
Q44:	|........ ........ ........ ........| ok p=1
Q45:	|........ ........ ........ ........| ok p=1
Q46:	|........ ........ ........ ........| ok p=1
Q47:	|........ ........ ........ ........| ok p=0.491211
Q48:	|+....... ........ ........ ........|
Saving 1 paths...cached.
Autobalance parameters: maxcond=2176 (ab#:0)
Verified: 0 bad out of 1
Estimating maxcond for upper bound 2560000 (=640000 * 4)...
t=48: 0%   10   20   30   40   50   60   70   80   90   100%
      |----|----|----|----|----|----|----|----|----|----|
e     ***************************************************
Found maxcond = 2176
t=48: 0%   10   20   30   40   50   60   70   80   90   100%
      |----|----|----|----|----|----|----|----|----|----|
      ***************************************************
Q29:	|........ ........ ........ ........|
Q30:	|........ ........ ........ ........|
Q31:	|........ ........ ........ ........|
Q32:	|........ ........ ........ ........| ok p=1
Q33:	|........ ........ ........ ........| ok p=1
Q34:	|........ ........ ........ ........| ok p=1
Q35:	|........ ........ ........ ........| ok p=1
Q36:	|........ ........ ........ ........| ok p=1
Q37:	|........ ........ ........ ........| ok p=1
Q38:	|........ ........ ........ ........| ok p=1
Q39:	|........ ........ ........ ........| ok p=1
Q40:	|........ ........ ........ ........| ok p=1
Q41:	|........ ........ ........ ........| ok p=1
Q42:	|........ ........ ........ ........| ok p=1
Q43:	|........ ........ ........ ........| ok p=1
Q44:	|........ ........ ........ ........| ok p=1
Q45:	|........ ........ ........ ........| ok p=1
Q46:	|0....... ........ ........ ........| ok p=1
Q47:	|........ ........ ........ ........| ok p=0.496094
Q48:	|+....... ........ ........ ........| ok p=1
Q49:	|+....... ........ ........ ........|
Saving 6 paths...cached.
Autobalance parameters: maxcond=2176 (ab#:0)
Verified: 0 bad out of 6
Estimating maxcond for upper bound 2560000 (=640000 * 4)...
t=49: 0%   10   20   30   40   50   60   70   80   90   100%
      |----|----|----|----|----|----|----|----|----|----|
e     ***************************************************
Found maxcond = 2176
t=49: 0%   10   20   30   40   50   60   70   80   90   100%
      |----|----|----|----|----|----|----|----|----|----|
      ***************************************************
Q29:	|........ ........ ........ ........|
Q30:	|........ ........ ........ ........|
Q31:	|........ ........ ........ ........|
Q32:	|........ ........ ........ ........| ok p=1
Q33:	|........ ........ ........ ........| ok p=1
Q34:	|........ ........ ........ ........| ok p=1
Q35:	|........ ........ ........ ........| ok p=1
Q36:	|........ ........ ........ ........| ok p=1
Q37:	|........ ........ ........ ........| ok p=1
Q38:	|........ ........ ........ ........| ok p=1
Q39:	|........ ........ ........ ........| ok p=1
Q40:	|........ ........ ........ ........| ok p=1
Q41:	|........ ........ ........ ........| ok p=1
Q42:	|........ ........ ........ ........| ok p=1
Q43:	|........ ........ ........ ........| ok p=1
Q44:	|........ ........ ........ ........| ok p=1
Q45:	|........ ........ ........ ........| ok p=1
Q46:	|0....... ........ ........ ........| ok p=1
Q47:	|1....... ........ ........ ........| ok p=0.49707
Q48:	|+....... ........ ........ ........| ok p=1
Q49:	|+....... ........ ........ ........| ok p=1
Q50:	|+....... ........ ........ ........|
Saving 968 paths...cached.
Autobalance parameters: maxcond=2176 (ab#:0)
Verified: 0 bad out of 968
Estimating maxcond for upper bound 2560000 (=640000 * 4)...
t=50: 0%   10   20   30   40   50   60   70   80   90   100%
      |----|----|----|----|----|----|----|----|----|----|
e     ***************************************************
Found maxcond = 2176
t=50: 0%   10   20   30   40   50   60   70   80   90   100%
      |----|----|----|----|----|----|----|----|----|----|
      ***************************************************
Q29:	|........ ........ ........ ........|
Q30:	|........ ........ ........ ........|
Q31:	|........ ........ ........ ........|
Q32:	|........ ........ ........ ........| ok p=1
Q33:	|........ ........ ........ ........| ok p=1
Q34:	|........ ........ ........ ........| ok p=1
Q35:	|........ ........ ........ ........| ok p=1
Q36:	|........ ........ ........ ........| ok p=1
Q37:	|........ ........ ........ ........| ok p=1
Q38:	|........ ........ ........ ........| ok p=1
Q39:	|........ ........ ........ ........| ok p=1
Q40:	|........ ........ ........ ........| ok p=1
Q41:	|........ ........ ........ ........| ok p=1
Q42:	|........ ........ ........ ........| ok p=1
Q43:	|........ ........ ........ ........| ok p=1
Q44:	|........ ........ ........ ........| ok p=1
Q45:	|........ ........ ........ ........| ok p=1
Q46:	|0....... ........ ........ ........| ok p=1
Q47:	|1....... ........ ........ ........| ok p=0.479492
Q48:	|-....... ........ ........ ........| ok p=1
Q49:	|-....... ........ ........ ........| ok p=1
Q50:	|+....... ........ ........ ........| ok p=1
Q51:	|+....... ........ ........ ........|
Saving 640000 paths...cached.
Autobalance parameters: maxcond=28 (ab#:7)
Verified: 155007 bad out of 1432888
Estimating maxcond for upper bound 2560000 (=640000 * 4)...
t=51: 0%   10   20   30   40   50   60   70   80   90   100%
      |----|----|----|----|----|----|----|----|----|----|
e     ***************************************************
Found maxcond = 28
t=51: 0%   10   20   30   40   50   60   70   80   90   100%
      |----|----|----|----|----|----|----|----|----|----|
      ***************************************************
Q29:	|........ ........ ........ ........|
Q30:	|........ ........ ........ ........|
Q31:	|........ ........ ........ ........|
Q32:	|........ ........ ........ ........| ok p=1
Q33:	|........ ........ ........ ........| ok p=1
Q34:	|........ ........ ........ ........| ok p=1
Q35:	|........ ........ ........ ........| ok p=1
Q36:	|........ ........ ........ ........| ok p=1
Q37:	|........ ........ ........ ........| ok p=1
Q38:	|........ ........ ........ ........| ok p=1
Q39:	|........ ........ ........ ........| ok p=1
Q40:	|........ ........ ........ ........| ok p=1
Q41:	|........ ........ ........ ........| ok p=1
Q42:	|........ ........ ........ ........| ok p=1
Q43:	|........ ........ ........ ........| ok p=1
Q44:	|........ ........ ........ ........| ok p=1
Q45:	|........ ........ ........ ........| ok p=1
Q46:	|0....... ........ ........ ........| ok p=1
Q47:	|1....... ........ ........ ........| ok p=0.505859
Q48:	|+....... ........ ........ ........| ok p=1
Q49:	|-....... ........ ........ ........| ok p=1
Q50:	|-....... ........ ........ ........| ok p=1
Q51:	|+....... ........ ........ ........| ok p=0.5
Q52:	|+....... ...+.... ........ ........|
Saving 640000 paths...cached.
Autobalance parameters: maxcond=26 (ab#:2)
Verified: 0 bad out of 1069864
Estimating maxcond for upper bound 2560000 (=640000 * 4)...
t=52: 0%   10   20   30   40   50   60   70   80   90   100%
      |----|----|----|----|----|----|----|----|----|----|
e     ***************************************************
Found maxcond = 29
t=52: 0%   10   20   30   40   50   60   70   80   90   100%
      |----|----|----|----|----|----|----|----|----|----|
      ***************************************************
Q29:	|........ ........ ........ ........|
Q30:	|........ ........ ........ ........|
Q31:	|........ ........ ........ ........|
Q32:	|........ ........ ........ ........| ok p=1
Q33:	|........ ........ ........ ........| ok p=1
Q34:	|........ ........ ........ ........| ok p=1
Q35:	|........ ........ ........ ........| ok p=1
Q36:	|........ ........ ........ ........| ok p=1
Q37:	|........ ........ ........ ........| ok p=1
Q38:	|........ ........ ........ ........| ok p=1
Q39:	|........ ........ ........ ........| ok p=1
Q40:	|........ ........ ........ ........| ok p=1
Q41:	|........ ........ ........ ........| ok p=1
Q42:	|........ ........ ........ ........| ok p=1
Q43:	|........ ........ ........ ........| ok p=1
Q44:	|........ ........ ........ ........| ok p=1
Q45:	|........ ........ ........ ........| ok p=1
Q46:	|0....... ........ ........ ........| ok p=1
Q47:	|1....... ........ ........ ........| ok p=0.49707
Q48:	|+....... ........ ........ ........| ok p=1
Q49:	|-....... ........ ........ ........| ok p=1
Q50:	|-....... ........ ........ ........| ok p=1
Q51:	|-....... ........ ........ ........| ok p=1
Q52:	|+....... ........ ........ ........| ok p=0.489258
Q53:	|+....... ........ ........ ..+.....|
Saving 640000 paths...cached.
Autobalance parameters: maxcond=26 (ab#:3)
Verified: 4365 bad out of 1233422
Estimating maxcond for upper bound 2560000 (=640000 * 4)...
t=53: 0%   10   20   30   40   50   60   70   80   90   100%
      |----|----|----|----|----|----|----|----|----|----|
e     ***************************************************
Found maxcond = 29
t=53: 0%   10   20   30   40   50   60   70   80   90   100%
      |----|----|----|----|----|----|----|----|----|----|
      ***************************************************
Q29:	|........ ........ ........ ........|
Q30:	|........ ........ ........ ........|
Q31:	|........ ........ ........ ........|
Q32:	|........ ........ ........ ........| ok p=1
Q33:	|........ ........ ........ ........| ok p=1
Q34:	|........ ........ ........ ........| ok p=1
Q35:	|........ ........ ........ ........| ok p=1
Q36:	|........ ........ ........ ........| ok p=1
Q37:	|........ ........ ........ ........| ok p=1
Q38:	|........ ........ ........ ........| ok p=1
Q39:	|........ ........ ........ ........| ok p=1
Q40:	|........ ........ ........ ........| ok p=1
Q41:	|........ ........ ........ ........| ok p=1
Q42:	|........ ........ ........ ........| ok p=1
Q43:	|........ ........ ........ ........| ok p=1
Q44:	|........ ........ ........ ........| ok p=1
Q45:	|........ ........ ........ ........| ok p=1
Q46:	|0....... ........ ........ ........| ok p=1
Q47:	|1....... ........ ........ ........| ok p=0.50293
Q48:	|+....... ........ ........ ........| ok p=1
Q49:	|-....... ........ ........ ........| ok p=1
Q50:	|-....... ........ ........ ........| ok p=1
Q51:	|-....... ........ ........ ........| ok p=1
Q52:	|-....... ........ ........ ........| ok p=1
Q53:	|+....... ........ ........ ........| ok p=0.500977
Q54:	|+....... ........ ......+. ........|
Saving 640000 paths...cached.
Autobalance parameters: maxcond=27 (ab#:2)
Verified: 4239 bad out of 1072015
Estimating maxcond for upper bound 2560000 (=640000 * 4)...
t=54: 0%   10   20   30   40   50   60   70   80   90   100%
      |----|----|----|----|----|----|----|----|----|----|
e     ***************************************************
Found maxcond = 30
t=54: 0%   10   20   30   40   50   60   70   80   90   100%
      |----|----|----|----|----|----|----|----|----|----|
      ***************************************************
Q29:	|........ ........ ........ ........|
Q30:	|........ ........ ........ ........|
Q31:	|........ ........ ........ ........|
Q32:	|........ ........ ........ ........| ok p=1
Q33:	|........ ........ ........ ........| ok p=1
Q34:	|........ ........ ........ ........| ok p=1
Q35:	|........ ........ ........ ........| ok p=1
Q36:	|........ ........ ........ ........| ok p=1
Q37:	|........ ........ ........ ........| ok p=1
Q38:	|........ ........ ........ ........| ok p=1
Q39:	|........ ........ ........ ........| ok p=1
Q40:	|........ ........ ........ ........| ok p=1
Q41:	|........ ........ ........ ........| ok p=1
Q42:	|........ ........ ........ ........| ok p=1
Q43:	|........ ........ ........ ........| ok p=1
Q44:	|........ ........ ........ ........| ok p=1
Q45:	|........ ........ ........ ........| ok p=1
Q46:	|0....... ........ ........ ........| ok p=1
Q47:	|1....... ........ ........ ........| ok p=0.478516
Q48:	|+....... ........ ........ ........| ok p=1
Q49:	|-....... ........ ........ ........| ok p=1
Q50:	|-....... ........ ........ ........| ok p=1
Q51:	|-....... ........ ........ ........| ok p=1
Q52:	|-....... ........ ........ ........| ok p=1
Q53:	|-....... ........ ........ ........| ok p=1
Q54:	|+....... ........ ........ ........| ok p=0.506836
Q55:	|+....... ........ .+...... ........|
Saving 640000 paths...cached.
Autobalance parameters: maxcond=28 (ab#:2)
Verified: 3466 bad out of 1037989
Estimating maxcond for upper bound 2560000 (=640000 * 4)...
t=55: 0%   10   20   30   40   50   60   70   80   90   100%
      |----|----|----|----|----|----|----|----|----|----|
e     ***************************************************
Found maxcond = 31
t=55: 0%   10   20   30   40   50   60   70   80   90   100%
      |----|----|----|----|----|----|----|----|----|----|
      ***************************************************
Q29:	|........ ........ ........ ........|
Q30:	|........ ........ ........ ........|
Q31:	|........ ........ ........ ........|
Q32:	|........ ........ ........ ........| ok p=1
Q33:	|........ ........ ........ ........| ok p=1
Q34:	|........ ........ ........ ........| ok p=1
Q35:	|........ ........ ........ ........| ok p=1
Q36:	|........ ........ ........ ........| ok p=1
Q37:	|........ ........ ........ ........| ok p=1
Q38:	|........ ........ ........ ........| ok p=1
Q39:	|........ ........ ........ ........| ok p=1
Q40:	|........ ........ ........ ........| ok p=1
Q41:	|........ ........ ........ ........| ok p=1
Q42:	|........ ........ ........ ........| ok p=1
Q43:	|........ ........ ........ ........| ok p=1
Q44:	|........ ........ ........ ........| ok p=1
Q45:	|........ ........ ........ ........| ok p=1
Q46:	|0....... ........ ........ ........| ok p=1
Q47:	|1....... ........ ........ ........| ok p=0.508789
Q48:	|+....... ........ ........ ........| ok p=1
Q49:	|-....... ........ ........ ........| ok p=1
Q50:	|-....... ........ ........ ........| ok p=1
Q51:	|-....... ........ ........ ........| ok p=1
Q52:	|-....... ........ ........ ........| ok p=1
Q53:	|-....... ........ ........ ........| ok p=1
Q54:	|-....... ........ ........ ........| ok p=1
Q55:	|+....... ........ ........ ........| ok p=0.508789
Q56:	|+....... ...+.... ........ ........|
Saving 640000 paths...cached.
Autobalance parameters: maxcond=29 (ab#:2)
Verified: 452 bad out of 1069235
Estimating maxcond for upper bound 2560000 (=640000 * 4)...
t=56: 0%   10   20   30   40   50   60   70   80   90   100%
      |----|----|----|----|----|----|----|----|----|----|
e     ***************************************************
Found maxcond = 32
t=56: 0%   10   20   30   40   50   60   70   80   90   100%
      |----|----|----|----|----|----|----|----|----|----|
      ***************************************************
Q29:	|........ ........ ........ ........|
Q30:	|........ ........ ........ ........|
Q31:	|........ ........ ........ ........|
Q32:	|........ ........ ........ ........| ok p=1
Q33:	|........ ........ ........ ........| ok p=1
Q34:	|........ ........ ........ ........| ok p=1
Q35:	|........ ........ ........ ........| ok p=1
Q36:	|........ ........ ........ ........| ok p=1
Q37:	|........ ........ ........ ........| ok p=1
Q38:	|........ ........ ........ ........| ok p=1
Q39:	|........ ........ ........ ........| ok p=1
Q40:	|........ ........ ........ ........| ok p=1
Q41:	|........ ........ ........ ........| ok p=1
Q42:	|........ ........ ........ ........| ok p=1
Q43:	|........ ........ ........ ........| ok p=1
Q44:	|........ ........ ........ ........| ok p=1
Q45:	|........ ........ ........ ........| ok p=1
Q46:	|0....... ........ ........ ........| ok p=1
Q47:	|1....... ........ ........ ........| ok p=0.487305
Q48:	|+....... ........ ........ ........| ok p=1
Q49:	|-....... ........ ........ ........| ok p=1
Q50:	|-....... ........ ........ ........| ok p=1
Q51:	|-....... ........ ........ ........| ok p=1
Q52:	|-....... ........ ........ ........| ok p=1
Q53:	|-....... ........ ........ ........| ok p=1
Q54:	|-....... ........ ........ ........| ok p=1
Q55:	|-....... ........ ........ ........| ok p=1
Q56:	|+....... ........ ........ ........| ok p=0.507812
Q57:	|+....... ........ ........ ..+.....|
Saving 640000 paths...cached.
Autobalance parameters: maxcond=30 (ab#:2)
Verified: 3222 bad out of 1046090
Estimating maxcond for upper bound 2560000 (=640000 * 4)...
t=57: 0%   10   20   30   40   50   60   70   80   90   100%
      |----|----|----|----|----|----|----|----|----|----|
e     ***************************************************
Found maxcond = 33
t=57: 0%   10   20   30   40   50   60   70   80   90   100%
      |----|----|----|----|----|----|----|----|----|----|
      ***************************************************
Q29:	|........ ........ ........ ........|
Q30:	|........ ........ ........ ........|
Q31:	|........ ........ ........ ........|
Q32:	|........ ........ ........ ........| ok p=1
Q33:	|........ ........ ........ ........| ok p=1
Q34:	|........ ........ ........ ........| ok p=1
Q35:	|........ ........ ........ ........| ok p=1
Q36:	|........ ........ ........ ........| ok p=1
Q37:	|........ ........ ........ ........| ok p=1
Q38:	|........ ........ ........ ........| ok p=1
Q39:	|........ ........ ........ ........| ok p=1
Q40:	|........ ........ ........ ........| ok p=1
Q41:	|........ ........ ........ ........| ok p=1
Q42:	|........ ........ ........ ........| ok p=1
Q43:	|........ ........ ........ ........| ok p=1
Q44:	|........ ........ ........ ........| ok p=1
Q45:	|........ ........ ........ ........| ok p=1
Q46:	|0....... ........ ........ ........| ok p=1
Q47:	|1....... ........ ........ ........| ok p=0.495117
Q48:	|+....... ........ ........ ........| ok p=1
Q49:	|-....... ........ ........ ........| ok p=1
Q50:	|-....... ........ ........ ........| ok p=1
Q51:	|-....... ........ ........ ........| ok p=1
Q52:	|-....... ........ ........ ........| ok p=1
Q53:	|-....... ........ ........ ........| ok p=1
Q54:	|-....... ........ ........ ........| ok p=1
Q55:	|-....... ........ ........ ........| ok p=1
Q56:	|-....... ........ ........ ........| ok p=1
Q57:	|+....... ........ ........ ........| ok p=0.503906
Q58:	|+....... ........ ......+. ........|
Saving 640000 paths...cached.
Autobalance parameters: maxcond=31 (ab#:2)
Verified: 3756 bad out of 1088947
Estimating maxcond for upper bound 2560000 (=640000 * 4)...
t=58: 0%   10   20   30   40   50   60   70   80   90   100%
      |----|----|----|----|----|----|----|----|----|----|
e     ***************************************************
Found maxcond = 34
t=58: 0%   10   20   30   40   50   60   70   80   90   100%
      |----|----|----|----|----|----|----|----|----|----|
      ***************************************************
Q29:	|........ ........ ........ ........|
Q30:	|........ ........ ........ ........|
Q31:	|........ ........ ........ ........|
Q32:	|........ ........ ........ ........| ok p=1
Q33:	|........ ........ ........ ........| ok p=1
Q34:	|........ ........ ........ ........| ok p=1
Q35:	|........ ........ ........ ........| ok p=1
Q36:	|........ ........ ........ ........| ok p=1
Q37:	|........ ........ ........ ........| ok p=1
Q38:	|........ ........ ........ ........| ok p=1
Q39:	|........ ........ ........ ........| ok p=1
Q40:	|........ ........ ........ ........| ok p=1
Q41:	|........ ........ ........ ........| ok p=1
Q42:	|........ ........ ........ ........| ok p=1
Q43:	|........ ........ ........ ........| ok p=1
Q44:	|........ ........ ........ ........| ok p=1
Q45:	|........ ........ ........ ........| ok p=1
Q46:	|0....... ........ ........ ........| ok p=1
Q47:	|1....... ........ ........ ........| ok p=0.489258
Q48:	|+....... ........ ........ ........| ok p=1
Q49:	|-....... ........ ........ ........| ok p=1
Q50:	|-....... ........ ........ ........| ok p=1
Q51:	|-....... ........ ........ ........| ok p=1
Q52:	|-....... ........ ........ ........| ok p=1
Q53:	|-....... ........ ........ ........| ok p=1
Q54:	|-....... ........ ........ ........| ok p=1
Q55:	|-....... ........ ........ ........| ok p=1
Q56:	|-....... ........ ........ ........| ok p=1
Q57:	|-....... ........ ........ ........| ok p=1
Q58:	|+....... ........ ........ ........| ok p=0.503906
Q59:	|+....... ........ .+...... ........|
Saving 640000 paths...cached.
Autobalance parameters: maxcond=32 (ab#:2)
Verified: 3858 bad out of 1041291
Estimating maxcond for upper bound 2560000 (=640000 * 4)...
t=59: 0%   10   20   30   40   50   60   70   80   90   100%
      |----|----|----|----|----|----|----|----|----|----|
e     ***************************************************
Found maxcond = 35
t=59: 0%   10   20   30   40   50   60   70   80   90   100%
      |----|----|----|----|----|----|----|----|----|----|
      ***************************************************
Q29:	|........ ........ ........ ........|
Q30:	|........ ........ ........ ........|
Q31:	|........ ........ ........ ........|
Q32:	|........ ........ ........ ........| ok p=1
Q33:	|........ ........ ........ ........| ok p=1
Q34:	|........ ........ ........ ........| ok p=1
Q35:	|........ ........ ........ ........| ok p=1
Q36:	|........ ........ ........ ........| ok p=1
Q37:	|........ ........ ........ ........| ok p=1
Q38:	|........ ........ ........ ........| ok p=1
Q39:	|........ ........ ........ ........| ok p=1
Q40:	|........ ........ ........ ........| ok p=1
Q41:	|........ ........ ........ ........| ok p=1
Q42:	|........ ........ ........ ........| ok p=1
Q43:	|........ ........ ........ ........| ok p=1
Q44:	|........ ........ ........ ........| ok p=1
Q45:	|........ ........ ........ ........| ok p=1
Q46:	|0....... ........ ........ ........| ok p=1
Q47:	|1....... ........ ........ ........| ok p=0.500977
Q48:	|+....... ........ ........ ........| ok p=1
Q49:	|-....... ........ ........ ........| ok p=1
Q50:	|-....... ........ ........ ........| ok p=1
Q51:	|-....... ........ ........ ........| ok p=1
Q52:	|-....... ........ ........ ........| ok p=1
Q53:	|-....... ........ ........ ........| ok p=1
Q54:	|-....... ........ ........ ........| ok p=1
Q55:	|-....... ........ ........ ........| ok p=1
Q56:	|-....... ........ ........ ........| ok p=1
Q57:	|-....... ........ ........ ........| ok p=1
Q58:	|-....... ........ ........ ........| ok p=1
Q59:	|+....... ........ ........ ........| ok p=0.513672
Q60:	|+....... ...+.... ........ ........|
Saving 640000 paths...cached.
Autobalance parameters: maxcond=33 (ab#:2)
Verified: 558 bad out of 1072640
Estimating maxcond for upper bound 2560000 (=640000 * 4)...
t=60: 0%   10   20   30   40   50   60   70   80   90   100%
      |----|----|----|----|----|----|----|----|----|----|
e     ***************************************************
Found maxcond = 36
t=60: 0%   10   20   30   40   50   60   70   80   90   100%
      |----|----|----|----|----|----|----|----|----|----|
      ***************************************************
Q29:	|........ ........ ........ ........|
Q30:	|........ ........ ........ ........|
Q31:	|........ ........ ........ ........|
Q32:	|........ ........ ........ ........| ok p=1
Q33:	|........ ........ ........ ........| ok p=1
Q34:	|........ ........ ........ ........| ok p=1
Q35:	|........ ........ ........ ........| ok p=1
Q36:	|........ ........ ........ ........| ok p=1
Q37:	|........ ........ ........ ........| ok p=1
Q38:	|........ ........ ........ ........| ok p=1
Q39:	|........ ........ ........ ........| ok p=1
Q40:	|........ ........ ........ ........| ok p=1
Q41:	|........ ........ ........ ........| ok p=1
Q42:	|........ ........ ........ ........| ok p=1
Q43:	|........ ........ ........ ........| ok p=1
Q44:	|........ ........ ........ ........| ok p=1
Q45:	|........ ........ ........ ........| ok p=1
Q46:	|0....... ........ ........ ........| ok p=1
Q47:	|1....... ........ ........ ........| ok p=0.518555
Q48:	|+....... ........ ........ ........| ok p=1
Q49:	|-....... ........ ........ ........| ok p=1
Q50:	|-....... ........ ........ ........| ok p=1
Q51:	|-....... ........ ........ ........| ok p=1
Q52:	|-....... ........ ........ ........| ok p=1
Q53:	|-....... ........ ........ ........| ok p=1
Q54:	|-....... ........ ........ ........| ok p=1
Q55:	|-....... ........ ........ ........| ok p=1
Q56:	|-....... ........ ........ ........| ok p=1
Q57:	|-....... ........ ........ ........| ok p=1
Q58:	|-....... ........ ........ ........| ok p=1
Q59:	|-....... ........ ........ ........| ok p=1
Q60:	|+....... ........ ........ ........| ok p=0.512695
Q61:	|+....... ........ ........ ..+.....|
Saving 640000 paths...cached.
Autobalance parameters: maxcond=34 (ab#:2)
Verified: 2880 bad out of 1040191
Estimating maxcond for upper bound 2560000 (=640000 * 4)...
t=61: 0%   10   20   30   40   50   60   70   80   90   100%
      |----|----|----|----|----|----|----|----|----|----|
e     ***************************************************
Found maxcond = 37
t=61: 0%   10   20   30   40   50   60   70   80   90   100%
      |----|----|----|----|----|----|----|----|----|----|
      ***************************************************
Q29:	|........ ........ ........ ........|
Q30:	|........ ........ ........ ........|
Q31:	|........ ........ ........ ........|
Q32:	|........ ........ ........ ........| ok p=1
Q33:	|........ ........ ........ ........| ok p=1
Q34:	|........ ........ ........ ........| ok p=1
Q35:	|........ ........ ........ ........| ok p=1
Q36:	|........ ........ ........ ........| ok p=1
Q37:	|........ ........ ........ ........| ok p=1
Q38:	|........ ........ ........ ........| ok p=1
Q39:	|........ ........ ........ ........| ok p=1
Q40:	|........ ........ ........ ........| ok p=1
Q41:	|........ ........ ........ ........| ok p=1
Q42:	|........ ........ ........ ........| ok p=1
Q43:	|........ ........ ........ ........| ok p=1
Q44:	|........ ........ ........ ........| ok p=1
Q45:	|........ ........ ........ ........| ok p=1
Q46:	|0....... ........ ........ ........| ok p=1
Q47:	|1....... ........ ........ ........| ok p=0.508789
Q48:	|+....... ........ ........ ........| ok p=1
Q49:	|-....... ........ ........ ........| ok p=1
Q50:	|-....... ........ ........ ........| ok p=1
Q51:	|-....... ........ ........ ........| ok p=1
Q52:	|-....... ........ ........ ........| ok p=1
Q53:	|-....... ........ ........ ........| ok p=1
Q54:	|-....... ........ ........ ........| ok p=1
Q55:	|-....... ........ ........ ........| ok p=1
Q56:	|-....... ........ ........ ........| ok p=1
Q57:	|-....... ........ ........ ........| ok p=1
Q58:	|-....... ........ ........ ........| ok p=1
Q59:	|-....... ........ ........ ........| ok p=1
Q60:	|-....... ........ ........ ........| ok p=1
Q61:	|+....... ........ ........ ........| ok p=0.493164
Q62:	|+....... ........ ......+. ........|
Saving 640000 paths...cached.
Autobalance parameters: maxcond=35 (ab#:2)
Verified: 3939 bad out of 1089062
Estimating maxcond for upper bound 2560000 (=640000 * 4)...
t=62: 0%   10   20   30   40   50   60   70   80   90   100%
      |----|----|----|----|----|----|----|----|----|----|
e     ***************************************************
Found maxcond = 38
t=62: 0%   10   20   30   40   50   60   70   80   90   100%
      |----|----|----|----|----|----|----|----|----|----|
      ***************************************************
Q29:	|........ ........ ........ ........|
Q30:	|........ ........ ........ ........|
Q31:	|........ ........ ........ ........|
Q32:	|........ ........ ........ ........| ok p=1
Q33:	|........ ........ ........ ........| ok p=1
Q34:	|........ ........ ........ ........| ok p=1
Q35:	|........ ........ ........ ........| ok p=1
Q36:	|........ ........ ........ ........| ok p=1
Q37:	|........ ........ ........ ........| ok p=1
Q38:	|........ ........ ........ ........| ok p=1
Q39:	|........ ........ ........ ........| ok p=1
Q40:	|........ ........ ........ ........| ok p=1
Q41:	|........ ........ ........ ........| ok p=1
Q42:	|........ ........ ........ ........| ok p=1
Q43:	|........ ........ ........ ........| ok p=1
Q44:	|........ ........ ........ ........| ok p=1
Q45:	|........ ........ ........ ........| ok p=1
Q46:	|0....... ........ ........ ........| ok p=1
Q47:	|1....... ........ ........ ........| ok p=0.482422
Q48:	|+....... ........ ........ ........| ok p=1
Q49:	|-....... ........ ........ ........| ok p=1
Q50:	|-....... ........ ........ ........| ok p=1
Q51:	|-....... ........ ........ ........| ok p=1
Q52:	|-....... ........ ........ ........| ok p=1
Q53:	|-....... ........ ........ ........| ok p=1
Q54:	|-....... ........ ........ ........| ok p=1
Q55:	|-....... ........ ........ ........| ok p=1
Q56:	|-....... ........ ........ ........| ok p=1
Q57:	|-....... ........ ........ ........| ok p=1
Q58:	|-....... ........ ........ ........| ok p=1
Q59:	|-....... ........ ........ ........| ok p=1
Q60:	|-....... ........ ........ ........| ok p=1
Q61:	|-....... ........ ........ ........| ok p=1
Q62:	|+....... ........ ........ ........| ok p=0.50293
Q63:	|+....... +....... .+...... ........|
Saving 640000 paths...done. (6.13595s)
Autobalance parameters: maxcond=36 (ab#:2)
Verified: 4244 bad out of 1042876
Runtime: 76.72
Extend MD5 differential paths forward
Copyright (C) 2009 Marc Stevens
http://homepages.cwi.nl/~stevens/

delta_m[2] = [!8!]
Loading upper_1_640000/paths62_0of1...done: 640000 (work:640000). (5.64091s)
Estimating maxcond for upper bound 32 (=16 * 2)...
t=63: 0%   10   20   30   40   50   60   70   80   90   100%
      |----|----|----|----|----|----|----|----|----|----|
e     ***************************************************
Found maxcond = 22
t=63: 0%   10   20   30   40   50   60   70   80   90   100%
      |----|----|----|----|----|----|----|----|----|----|
      ***************************************************
Q29:	|........ ........ ........ ........|
Q30:	|........ ........ ........ ........|
Q31:	|........ ........ ........ ........|
Q32:	|........ ........ ........ ........| ok p=1
Q33:	|........ ........ ........ ........| ok p=1
Q34:	|........ ........ ........ ........| ok p=1
Q35:	|........ ........ ........ ........| ok p=1
Q36:	|........ ........ ........ ........| ok p=1
Q37:	|........ ........ ........ ........| ok p=1
Q38:	|........ ........ ........ ........| ok p=1
Q39:	|........ ........ ........ ........| ok p=1
Q40:	|........ ........ ........ ........| ok p=1
Q41:	|........ ........ ........ ........| ok p=1
Q42:	|........ ........ ........ ........| ok p=1
Q43:	|........ ........ ........ ........| ok p=1
Q44:	|........ ........ ........ ........| ok p=1
Q45:	|........ ........ ........ ........| ok p=1
Q46:	|0....... ........ ........ ........| ok p=1
Q47:	|1....... ........ ........ ........| ok p=0.5
Q48:	|+....... ........ ........ ........| ok p=1
Q49:	|-....... ........ ........ ........| ok p=1
Q50:	|-....... ........ ........ ........| ok p=1
Q51:	|-....... ........ ........ ........| ok p=1
Q52:	|-....... ........ ........ ........| ok p=1
Q53:	|-....... ........ ........ ........| ok p=1
Q54:	|-....... ........ ........ ........| ok p=1
Q55:	|-....... ........ ........ ........| ok p=1
Q56:	|-....... ........ ........ ........| ok p=1
Q57:	|-....... ........ ........ ........| ok p=1
Q58:	|-....... ........ ........ ........| ok p=1
Q59:	|-....... ........ ........ ........| ok p=1
Q60:	|-....... ........ ........ ........| ok p=1
Q61:	|-....... 0....... ........ ........| ok p=1
Q62:	|-....... ........ ........ ........| ok p=1
Q63:	|+....... +....... ........ ........| ok p=0.473633
Q64:	|+....... +..+.... ........ ........|
Saving 16 paths...done. (0.000347137s)
Autobalance parameters: maxcond=20 (ab#:1)
Verified: 0 bad out of 40
Runtime: 7.50548
Extend MD5 differential paths backward
Copyright (C) 2009 Marc Stevens
http://homepages.cwi.nl/~stevens/

delta_m[2] = [!8!]
Loading upper_1_640000/paths63_0of1.bin.gz...done: 16. (0.000283957s)
Estimating maxcond for upper bound 2560000 (=640000 * 4)...
t=31: 0%   10   20   30   40   50   60   70   80   90   100%
      |----|----|----|----|----|----|----|----|----|----|
e     ***************************************************
Found maxcond = 2176
t=31: 0%   10   20   30   40   50   60   70   80   90   100%
      |----|----|----|----|----|----|----|----|----|----|
      ***************************************************
Q28:	|........ ........ ........ ........|
Q29:	|........ ........ ........ ........|
Q30:	|........ ........ ........ ........|
Q31:	|........ ........ ........ ........| ok p=1
Q32:	|........ ........ ........ ........| ok p=1
Q33:	|........ ........ ........ ........| ok p=1
Q34:	|........ ........ ........ ........| ok p=1
Q35:	|........ ........ ........ ........| ok p=1
Q36:	|........ ........ ........ ........| ok p=1
Q37:	|........ ........ ........ ........| ok p=1
Q38:	|........ ........ ........ ........| ok p=1
Q39:	|........ ........ ........ ........| ok p=1
Q40:	|........ ........ ........ ........| ok p=1
Q41:	|........ ........ ........ ........| ok p=1
Q42:	|........ ........ ........ ........| ok p=1
Q43:	|........ ........ ........ ........| ok p=1
Q44:	|........ ........ ........ ........| ok p=1
Q45:	|........ ........ ........ ........| ok p=1
Q46:	|0....... ........ ........ ........| ok p=1
Q47:	|1....... ........ ........ ........| ok p=0.472656
Q48:	|-....... ........ ........ ........| ok p=1
Q49:	|+....... ........ ........ ........| ok p=1
Q50:	|+....... ........ ........ ........| ok p=1
Q51:	|+....... ........ ........ ........| ok p=1
Q52:	|+....... ........ ........ ........| ok p=1
Q53:	|+....... ........ ........ ........| ok p=1
Q54:	|+....... ........ ........ ........| ok p=1
Q55:	|+....... ........ ........ ........| ok p=1
Q56:	|+....... ........ ........ ........| ok p=1
Q57:	|+....... ........ ........ ........| ok p=1
Q58:	|+....... ........ ........ ........| ok p=1
Q59:	|+....... ........ ........ ........| ok p=1
Q60:	|+....... ........ ........ ........| ok p=1
Q61:	|+....... 0....... ........ ........| ok p=1
Q62:	|+....... ........ ........ ........| ok p=0.99707
Q63:	|+....... +....... ........ ........| ok p=1
Q64:	|+....... +....... ........ ........|
Saving 16 paths...done. (2.14577e-06s)
Autobalance parameters: maxcond=2176
Verified: 0 bad out of 16
Estimating maxcond for upper bound 2560000 (=640000 * 4)...
t=30: 0%   10   20   30   40   50   60   70   80   90   100%
      |----|----|----|----|----|----|----|----|----|----|
e     ***************************************************
Found maxcond = 2176
t=30: 0%   10   20   30   40   50   60   70   80   90   100%
      |----|----|----|----|----|----|----|----|----|----|
      ***************************************************
Q27:	|........ ........ ........ ........|
Q28:	|........ ........ ........ ........|
Q29:	|........ ........ ........ ........|
Q30:	|........ ........ ........ ........| ok p=1
Q31:	|........ ........ ........ ........| ok p=1
Q32:	|........ ........ ........ ........| ok p=1
Q33:	|........ ........ ........ ........| ok p=1
Q34:	|........ ........ ........ ........| ok p=1
Q35:	|........ ........ ........ ........| ok p=1
Q36:	|........ ........ ........ ........| ok p=1
Q37:	|........ ........ ........ ........| ok p=1
Q38:	|........ ........ ........ ........| ok p=1
Q39:	|........ ........ ........ ........| ok p=1
Q40:	|........ ........ ........ ........| ok p=1
Q41:	|........ ........ ........ ........| ok p=1
Q42:	|........ ........ ........ ........| ok p=1
Q43:	|........ ........ ........ ........| ok p=1
Q44:	|........ ........ ........ ........| ok p=1
Q45:	|........ ........ ........ ........| ok p=1
Q46:	|0....... ........ ........ ........| ok p=1
Q47:	|1....... ........ ........ ........| ok p=0.460938
Q48:	|+....... ........ ........ ........| ok p=1
Q49:	|-....... ........ ........ ........| ok p=1
Q50:	|-....... ........ ........ ........| ok p=1
Q51:	|-....... ........ ........ ........| ok p=1
Q52:	|-....... ........ ........ ........| ok p=1
Q53:	|-....... ........ ........ ........| ok p=1
Q54:	|-....... ........ ........ ........| ok p=1
Q55:	|-....... ........ ........ ........| ok p=1
Q56:	|-....... ........ ........ ........| ok p=1
Q57:	|-....... ........ ........ ........| ok p=1
Q58:	|-....... ........ ........ ........| ok p=1
Q59:	|-....... ........ ........ ........| ok p=1
Q60:	|-....... ........ ........ ........| ok p=1
Q61:	|-....... 0....... ........ ........| ok p=1
Q62:	|-....... ........ ........ ........| ok p=0.998047
Q63:	|-....... +....... ........ ........| ok p=1
Q64:	|+....... +....... ........ ........|
Saving 16 paths...done. (1.90735e-06s)
Autobalance parameters: maxcond=2176
Verified: 0 bad out of 16
Estimating maxcond for upper bound 2560000 (=640000 * 4)...
t=29: 0%   10   20   30   40   50   60   70   80   90   100%
      |----|----|----|----|----|----|----|----|----|----|
e     ***************************************************
Found maxcond = 2176
t=29: 0%   10   20   30   40   50   60   70   80   90   100%
      |----|----|----|----|----|----|----|----|----|----|
      ***************************************************
Q26:	|........ ........ .......- ........|
Q27:	|........ ........ ........ ........|
Q28:	|........ ........ ........ ........|
Q29:	|........ ........ ........ ........| ok p=1
Q30:	|........ ........ ........ ........| ok p=1
Q31:	|........ ........ ........ ........| ok p=1
Q32:	|........ ........ ........ ........| ok p=1
Q33:	|........ ........ ........ ........| ok p=1
Q34:	|........ ........ ........ ........| ok p=1
Q35:	|........ ........ ........ ........| ok p=1
Q36:	|........ ........ ........ ........| ok p=1
Q37:	|........ ........ ........ ........| ok p=1
Q38:	|........ ........ ........ ........| ok p=1
Q39:	|........ ........ ........ ........| ok p=1
Q40:	|........ ........ ........ ........| ok p=1
Q41:	|........ ........ ........ ........| ok p=1
Q42:	|........ ........ ........ ........| ok p=1
Q43:	|........ ........ ........ ........| ok p=1
Q44:	|........ ........ ........ ........| ok p=1
Q45:	|........ ........ ........ ........| ok p=1
Q46:	|0....... ........ ........ ........| ok p=1
Q47:	|1....... ........ ........ ........| ok p=0.486328
Q48:	|+....... ........ ........ ........| ok p=1
Q49:	|+....... ........ ........ ........| ok p=1
Q50:	|-....... ........ ........ ........| ok p=1
Q51:	|+....... ........ ........ ........| ok p=1
Q52:	|-....... ........ ........ ........| ok p=1
Q53:	|+....... ........ ........ ........| ok p=1
Q54:	|-....... ........ ........ ........| ok p=1
Q55:	|+....... ........ ........ ........| ok p=1
Q56:	|-....... ........ ........ ........| ok p=1
Q57:	|+....... ........ ........ ........| ok p=1
Q58:	|-....... ........ ........ ........| ok p=1
Q59:	|+....... ........ ........ ........| ok p=1
Q60:	|-....... ........ ........ ........| ok p=1
Q61:	|+....... 0....... ........ ........| ok p=1
Q62:	|-....... ........ ........ ........| ok p=1
Q63:	|+....... +....... ........ ........| ok p=1
Q64:	|+....... +....... ........ ........|
Saving 16 paths...done. (9.53674e-07s)
Autobalance parameters: maxcond=2176
Verified: 0 bad out of 16
Estimating maxcond for upper bound 2560000 (=640000 * 4)...
t=28: 0%   10   20   30   40   50   60   70   80   90   100%
      |----|----|----|----|----|----|----|----|----|----|
e     ***************************************************
Found maxcond = 2176
t=28: 0%   10   20   30   40   50   60   70   80   90   100%
      |----|----|----|----|----|----|----|----|----|----|
      ***************************************************
Q25:	|........ ........ ........ ........|
Q26:	|........ ........ .......- ........|
Q27:	|........ ........ ........ ........|
Q28:	|........ ........ .......^ ........| ok p=1
Q29:	|........ ........ ........ ........| ok p=1
Q30:	|........ ........ ........ ........| ok p=1
Q31:	|........ ........ ........ ........| ok p=1
Q32:	|........ ........ ........ ........| ok p=1
Q33:	|........ ........ ........ ........| ok p=1
Q34:	|........ ........ ........ ........| ok p=1
Q35:	|........ ........ ........ ........| ok p=1
Q36:	|........ ........ ........ ........| ok p=1
Q37:	|........ ........ ........ ........| ok p=1
Q38:	|........ ........ ........ ........| ok p=1
Q39:	|........ ........ ........ ........| ok p=1
Q40:	|........ ........ ........ ........| ok p=1
Q41:	|........ ........ ........ ........| ok p=1
Q42:	|........ ........ ........ ........| ok p=1
Q43:	|........ ........ ........ ........| ok p=1
Q44:	|........ ........ ........ ........| ok p=1
Q45:	|........ ........ ........ ........| ok p=1
Q46:	|0....... ........ ........ ........| ok p=1
Q47:	|1....... ........ ........ ........| ok p=0.504883
Q48:	|-....... ........ ........ ........| ok p=1
Q49:	|-....... ........ ........ ........| ok p=1
Q50:	|+....... ........ ........ ........| ok p=1
Q51:	|-....... ........ ........ ........| ok p=1
Q52:	|+....... ........ ........ ........| ok p=1
Q53:	|-....... ........ ........ ........| ok p=1
Q54:	|+....... ........ ........ ........| ok p=1
Q55:	|-....... ........ ........ ........| ok p=1
Q56:	|+....... ........ ........ ........| ok p=1
Q57:	|-....... ........ ........ ........| ok p=1
Q58:	|+....... ........ ........ ........| ok p=1
Q59:	|-....... ........ ........ ........| ok p=1
Q60:	|+....... ........ ........ ........| ok p=1
Q61:	|-....... 0....... ........ ........| ok p=1
Q62:	|+....... ........ ........ ........| ok p=1
Q63:	|-....... +....... ........ ........| ok p=1
Q64:	|+....... +....... ........ ........|
Saving 157440 paths...done. (1.90735e-06s)
Autobalance parameters: maxcond=2176
Verified: 0 bad out of 157440
Estimating maxcond for upper bound 2560000 (=640000 * 4)...
t=27: 0%   10   20   30   40   50   60   70   80   90   100%
      |----|----|----|----|----|----|----|----|----|----|
e     ***************************************************
Found maxcond = 47
t=27: 0%   10   20   30   40   50   60   70   80   90   100%
      |----|----|----|----|----|----|----|----|----|----|
      ***************************************************
Q24:	|........ ........ ........ ........|
Q25:	|........ ........ .......1 ........|
Q26:	|........ ........ .......- ........|
Q27:	|........ ........ ........ ........| ok p=1
Q28:	|........ ........ .......^ ........| ok p=1
Q29:	|........ ........ ........ ........| ok p=1
Q30:	|........ ........ ........ ........| ok p=1
Q31:	|........ ........ ........ ........| ok p=1
Q32:	|........ ........ ........ ........| ok p=1
Q33:	|........ ........ ........ ........| ok p=1
Q34:	|........ ........ ........ ........| ok p=1
Q35:	|........ ........ ........ ........| ok p=1
Q36:	|........ ........ ........ ........| ok p=1
Q37:	|........ ........ ........ ........| ok p=1
Q38:	|........ ........ ........ ........| ok p=1
Q39:	|........ ........ ........ ........| ok p=1
Q40:	|........ ........ ........ ........| ok p=1
Q41:	|........ ........ ........ ........| ok p=1
Q42:	|........ ........ ........ ........| ok p=1
Q43:	|........ ........ ........ ........| ok p=1
Q44:	|........ ........ ........ ........| ok p=1
Q45:	|........ ........ ........ ........| ok p=1
Q46:	|0....... ........ ........ ........| ok p=1
Q47:	|1....... ........ ........ ........| ok p=0.496094
Q48:	|+....... ........ ........ ........| ok p=1
Q49:	|+....... ........ ........ ........| ok p=1
Q50:	|-....... ........ ........ ........| ok p=1
Q51:	|+....... ........ ........ ........| ok p=1
Q52:	|-....... ........ ........ ........| ok p=1
Q53:	|+....... ........ ........ ........| ok p=1
Q54:	|-....... ........ ........ ........| ok p=1
Q55:	|+....... ........ ........ ........| ok p=1
Q56:	|-....... ........ ........ ........| ok p=1
Q57:	|+....... ........ ........ ........| ok p=1
Q58:	|-....... ........ ........ ........| ok p=1
Q59:	|+....... ........ ........ ........| ok p=1
Q60:	|-....... ........ ........ ........| ok p=1
Q61:	|+....... 0....... ........ ........| ok p=1
Q62:	|-....... ........ ........ ........| ok p=1
Q63:	|+....... +....... ........ ........| ok p=1
Q64:	|+....... +....... ........ ........|
Saving 640000 paths...done. (1.90735e-06s)
Autobalance parameters: maxcond=44
Verified: 0 bad out of 1236817
Estimating maxcond for upper bound 2560000 (=640000 * 4)...
t=26: 0%   10   20   30   40   50   60   70   80   90   100%
      |----|----|----|----|----|----|----|----|----|----|
e     ***************************************************
Found maxcond = 45
t=26: 0%   10   20   30   40   50   60   70   80   90   100%
      |----|----|----|----|----|----|----|----|----|----|
      ***************************************************
Q23:	|.....+.. ........ ........ ........|
Q24:	|........ ........ .......+ ........|
Q25:	|........ ........ .......0 ........|
Q26:	|........ ........ .......- ........| ok p=0.987305
Q27:	|........ ........ ........ ........| ok p=1
Q28:	|........ ........ .......^ ........| ok p=1
Q29:	|........ ........ ........ ........| ok p=1
Q30:	|........ ........ ........ ........| ok p=1
Q31:	|........ ........ ........ ........| ok p=1
Q32:	|........ ........ ........ ........| ok p=1
Q33:	|........ ........ ........ ........| ok p=1
Q34:	|........ ........ ........ ........| ok p=1
Q35:	|........ ........ ........ ........| ok p=1
Q36:	|........ ........ ........ ........| ok p=1
Q37:	|........ ........ ........ ........| ok p=1
Q38:	|........ ........ ........ ........| ok p=1
Q39:	|........ ........ ........ ........| ok p=1
Q40:	|........ ........ ........ ........| ok p=1
Q41:	|........ ........ ........ ........| ok p=1
Q42:	|........ ........ ........ ........| ok p=1
Q43:	|........ ........ ........ ........| ok p=1
Q44:	|........ ........ ........ ........| ok p=1
Q45:	|........ ........ ........ ........| ok p=1
Q46:	|0....... ........ ........ ........| ok p=1
Q47:	|1....... ........ ........ ........| ok p=0.470703
Q48:	|+....... ........ ........ ........| ok p=1
Q49:	|+....... ........ ........ ........| ok p=1
Q50:	|-....... ........ ........ ........| ok p=1
Q51:	|+....... ........ ........ ........| ok p=1
Q52:	|-....... ........ ........ ........| ok p=1
Q53:	|+....... ........ ........ ........| ok p=1
Q54:	|-....... ........ ........ ........| ok p=1
Q55:	|+....... ........ ........ ........| ok p=1
Q56:	|-....... ........ ........ ........| ok p=1
Q57:	|+....... ........ ........ ........| ok p=1
Q58:	|-....... ........ ........ ........| ok p=1
Q59:	|+....... ........ ........ ........| ok p=1
Q60:	|-....... ........ ........ ........| ok p=1
Q61:	|+....... 0....... ........ ........| ok p=1
Q62:	|-....... ........ ........ ........| ok p=1
Q63:	|+....... +....... ........ ........| ok p=1
Q64:	|+....... +....... ........ ........|
Saving 640000 paths...done. (1.90735e-06s)
Autobalance parameters: maxcond=42
Verified: 0 bad out of 1215433
Estimating maxcond for upper bound 2560000 (=640000 * 4)...
t=25: 0%   10   20   30   40   50   60   70   80   90   100%
      |----|----|----|----|----|----|----|----|----|----|
e     ***************************************************
Found maxcond = 44
t=25: 0%   10   20   30   40   50   60   70   80   90   100%
      |----|----|----|----|----|----|----|----|----|----|
      ***************************************************
Q22:	|+....... ........ ........ .......-|
Q23:	|.....+.. ........ ........ ........|
Q24:	|........ ........ .......0 ........|
Q25:	|.....^.. ........ .......1 ........| ok p=0.514648
Q26:	|........ ........ .......- ........| ok p=0.989258
Q27:	|........ ........ ........ ........| ok p=1
Q28:	|........ ........ .......^ ........| ok p=1
Q29:	|........ ........ ........ ........| ok p=1
Q30:	|........ ........ ........ ........| ok p=1
Q31:	|........ ........ ........ ........| ok p=1
Q32:	|........ ........ ........ ........| ok p=1
Q33:	|........ ........ ........ ........| ok p=1
Q34:	|........ ........ ........ ........| ok p=1
Q35:	|........ ........ ........ ........| ok p=1
Q36:	|........ ........ ........ ........| ok p=1
Q37:	|........ ........ ........ ........| ok p=1
Q38:	|........ ........ ........ ........| ok p=1
Q39:	|........ ........ ........ ........| ok p=1
Q40:	|........ ........ ........ ........| ok p=1
Q41:	|........ ........ ........ ........| ok p=1
Q42:	|........ ........ ........ ........| ok p=1
Q43:	|........ ........ ........ ........| ok p=1
Q44:	|........ ........ ........ ........| ok p=1
Q45:	|........ ........ ........ ........| ok p=1
Q46:	|0....... ........ ........ ........| ok p=1
Q47:	|1....... ........ ........ ........| ok p=0.487305
Q48:	|+....... ........ ........ ........| ok p=1
Q49:	|-....... ........ ........ ........| ok p=1
Q50:	|-....... ........ ........ ........| ok p=1
Q51:	|-....... ........ ........ ........| ok p=1
Q52:	|-....... ........ ........ ........| ok p=1
Q53:	|-....... ........ ........ ........| ok p=1
Q54:	|-....... ........ ........ ........| ok p=1
Q55:	|-....... ........ ........ ........| ok p=1
Q56:	|-....... ........ ........ ........| ok p=1
Q57:	|-....... ........ ........ ........| ok p=1
Q58:	|-....... ........ ........ ........| ok p=1
Q59:	|-....... ........ ........ ........| ok p=1
Q60:	|-....... ........ ........ ........| ok p=1
Q61:	|-....... 0....... ........ ........| ok p=1
Q62:	|-....... ........ ........ ........| ok p=0.996094
Q63:	|-....... +....... ........ ........| ok p=1
Q64:	|+....... +....... ........ ........|
Saving 640000 paths...done. (9.53674e-07s)
Autobalance parameters: maxcond=42
Verified: 0 bad out of 1173963
Estimating maxcond for upper bound 2560000 (=640000 * 4)...
t=24: 0%   10   20   30   40   50   60   70   80   90   100%
      |----|----|----|----|----|----|----|----|----|----|
e     ***************************************************
Found maxcond = 44
t=24: 0%   10   20   30   40   50   60   70   80   90   100%
      |----|----|----|----|----|----|----|----|----|----|
      ***************************************************
Q21:	|........ ........ ........ ........|
Q22:	|+....1.. ........ ........ ........|
Q23:	|.....+.. ........ ........ ........|
Q24:	|^....... ........ .......0 ........| ok p=1
Q25:	|.....^.. ........ .......1 ........| ok p=0.522461
Q26:	|........ ........ .......- ........| ok p=0.984375
Q27:	|........ ........ ........ ........| ok p=1
Q28:	|........ ........ .......^ ........| ok p=1
Q29:	|........ ........ ........ ........| ok p=1
Q30:	|........ ........ ........ ........| ok p=1
Q31:	|........ ........ ........ ........| ok p=1
Q32:	|........ ........ ........ ........| ok p=1
Q33:	|........ ........ ........ ........| ok p=1
Q34:	|........ ........ ........ ........| ok p=1
Q35:	|........ ........ ........ ........| ok p=1
Q36:	|........ ........ ........ ........| ok p=1
Q37:	|........ ........ ........ ........| ok p=1
Q38:	|........ ........ ........ ........| ok p=1
Q39:	|........ ........ ........ ........| ok p=1
Q40:	|........ ........ ........ ........| ok p=1
Q41:	|........ ........ ........ ........| ok p=1
Q42:	|........ ........ ........ ........| ok p=1
Q43:	|........ ........ ........ ........| ok p=1
Q44:	|........ ........ ........ ........| ok p=1
Q45:	|........ ........ ........ ........| ok p=1
Q46:	|0....... ........ ........ ........| ok p=1
Q47:	|1....... ........ ........ ........| ok p=0.49707
Q48:	|+....... ........ ........ ........| ok p=1
Q49:	|-....... ........ ........ ........| ok p=1
Q50:	|-....... ........ ........ ........| ok p=1
Q51:	|-....... ........ ........ ........| ok p=1
Q52:	|-....... ........ ........ ........| ok p=1
Q53:	|-....... ........ ........ ........| ok p=1
Q54:	|-....... ........ ........ ........| ok p=1
Q55:	|-....... ........ ........ ........| ok p=1
Q56:	|-....... ........ ........ ........| ok p=1
Q57:	|-....... ........ ........ ........| ok p=1
Q58:	|-....... ........ ........ ........| ok p=1
Q59:	|-....... ........ ........ ........| ok p=1
Q60:	|-....... ........ ........ ........| ok p=1
Q61:	|-....... 0....... ........ ........| ok p=1
Q62:	|-....... ........ ........ ........| ok p=0.998047
Q63:	|-....... +....... ........ ........| ok p=1
Q64:	|+....... +....... ........ ........|
Saving 640000 paths...done. (9.53674e-07s)
Autobalance parameters: maxcond=42
Verified: 0 bad out of 1136313
Estimating maxcond for upper bound 2560000 (=640000 * 4)...
t=23: 0%   10   20   30   40   50   60   70   80   90   100%
      |----|----|----|----|----|----|----|----|----|----|
e     ***************************************************
Found maxcond = 45
t=23: 0%   10   20   30   40   50   60   70   80   90   100%
      |----|----|----|----|----|----|----|----|----|----|
      ***************************************************
Q20:	|........ ........ ........ .-......|
Q21:	|1....-.. ........ ........ ........|
Q22:	|+....0.. ........ ........ ........|
Q23:	|.....+.. ........ ........ ........| ok p=0.97168
Q24:	|^....... ........ .......0 ........| ok p=1
Q25:	|.....^.. ........ .......1 ........| ok p=0.490234
Q26:	|........ ........ .......- ........| ok p=0.987305
Q27:	|........ ........ ........ ........| ok p=1
Q28:	|........ ........ .......^ ........| ok p=1
Q29:	|........ ........ ........ ........| ok p=1
Q30:	|........ ........ ........ ........| ok p=1
Q31:	|........ ........ ........ ........| ok p=1
Q32:	|........ ........ ........ ........| ok p=1
Q33:	|........ ........ ........ ........| ok p=1
Q34:	|........ ........ ........ ........| ok p=1
Q35:	|........ ........ ........ ........| ok p=1
Q36:	|........ ........ ........ ........| ok p=1
Q37:	|........ ........ ........ ........| ok p=1
Q38:	|........ ........ ........ ........| ok p=1
Q39:	|........ ........ ........ ........| ok p=1
Q40:	|........ ........ ........ ........| ok p=1
Q41:	|........ ........ ........ ........| ok p=1
Q42:	|........ ........ ........ ........| ok p=1
Q43:	|........ ........ ........ ........| ok p=1
Q44:	|........ ........ ........ ........| ok p=1
Q45:	|........ ........ ........ ........| ok p=1
Q46:	|0....... ........ ........ ........| ok p=1
Q47:	|1....... ........ ........ ........| ok p=0.490234
Q48:	|+....... ........ ........ ........| ok p=1
Q49:	|-....... ........ ........ ........| ok p=1
Q50:	|-....... ........ ........ ........| ok p=1
Q51:	|-....... ........ ........ ........| ok p=1
Q52:	|-....... ........ ........ ........| ok p=1
Q53:	|-....... ........ ........ ........| ok p=1
Q54:	|-....... ........ ........ ........| ok p=1
Q55:	|-....... ........ ........ ........| ok p=1
Q56:	|-....... ........ ........ ........| ok p=1
Q57:	|-....... ........ ........ ........| ok p=1
Q58:	|-....... ........ ........ ........| ok p=1
Q59:	|-....... ........ ........ ........| ok p=1
Q60:	|-....... ........ ........ ........| ok p=1
Q61:	|-....... 0....... ........ ........| ok p=1
Q62:	|-....... ........ ........ ........| ok p=0.998047
Q63:	|-....... +....... ........ ........| ok p=1
Q64:	|+....... +....... ........ ........|
Saving 640000 paths...done. (1.90735e-06s)
Autobalance parameters: maxcond=43
Verified: 0 bad out of 1104232
Estimating maxcond for upper bound 2560000 (=640000 * 4)...
t=22: 0%   10   20   30   40   50   60   70   80   90   100%
      |----|----|----|----|----|----|----|----|----|----|
e     ***************************************************
Found maxcond = 46
t=22: 0%   10   20   30   40   50   60   70   80   90   100%
      |----|----|----|----|----|----|----|----|----|----|
      ***************************************************
Q19:	|........ ......-. ...+.... ........|
Q20:	|0....... ........ ........ .-......|
Q21:	|1....0.. ........ ........ ........|
Q22:	|-....1.. ........ ........ .^......| ok p=0.537109
Q23:	|.....+.. ........ ........ ........| ok p=0.966797
Q24:	|^....... ........ .......0 ........| ok p=1
Q25:	|.....^.. ........ .......1 ........| ok p=0.510742
Q26:	|........ ........ .......- ........| ok p=0.982422
Q27:	|........ ........ ........ ........| ok p=1
Q28:	|........ ........ .......^ ........| ok p=1
Q29:	|........ ........ ........ ........| ok p=1
Q30:	|........ ........ ........ ........| ok p=1
Q31:	|........ ........ ........ ........| ok p=1
Q32:	|........ ........ ........ ........| ok p=1
Q33:	|........ ........ ........ ........| ok p=1
Q34:	|........ ........ ........ ........| ok p=1
Q35:	|........ ........ ........ ........| ok p=1
Q36:	|........ ........ ........ ........| ok p=1
Q37:	|........ ........ ........ ........| ok p=1
Q38:	|........ ........ ........ ........| ok p=1
Q39:	|........ ........ ........ ........| ok p=1
Q40:	|........ ........ ........ ........| ok p=1
Q41:	|........ ........ ........ ........| ok p=1
Q42:	|........ ........ ........ ........| ok p=1
Q43:	|........ ........ ........ ........| ok p=1
Q44:	|........ ........ ........ ........| ok p=1
Q45:	|........ ........ ........ ........| ok p=1
Q46:	|0....... ........ ........ ........| ok p=1
Q47:	|1....... ........ ........ ........| ok p=0.517578
Q48:	|-....... ........ ........ ........| ok p=1
Q49:	|-....... ........ ........ ........| ok p=1
Q50:	|+....... ........ ........ ........| ok p=1
Q51:	|-....... ........ ........ ........| ok p=1
Q52:	|+....... ........ ........ ........| ok p=1
Q53:	|-....... ........ ........ ........| ok p=1
Q54:	|+....... ........ ........ ........| ok p=1
Q55:	|-....... ........ ........ ........| ok p=1
Q56:	|+....... ........ ........ ........| ok p=1
Q57:	|-....... ........ ........ ........| ok p=1
Q58:	|+....... ........ ........ ........| ok p=1
Q59:	|-....... ........ ........ ........| ok p=1
Q60:	|+....... ........ ........ ........| ok p=1
Q61:	|-....... 0....... ........ ........| ok p=1
Q62:	|+....... ........ ........ ........| ok p=1
Q63:	|-....... +....... ........ ........| ok p=1
Q64:	|+....... +....... ........ ........|
Saving 640000 paths...done. (1.50204e-05s)
Autobalance parameters: maxcond=44
Verified: 0 bad out of 1074778
Estimating maxcond for upper bound 2560000 (=640000 * 4)...
t=21: 0%   10   20   30   40   50   60   70   80   90   100%
      |----|----|----|----|----|----|----|----|----|----|
e     ***************************************************
Found maxcond = 48
t=21: 0%   10   20   30   40   50   60   70   80   90   100%
      |----|----|----|----|----|----|----|----|----|----|
      ***************************************************
Q18:	|.....+.. .-...+.. ........ ........|
Q19:	|........ ......+. ........ .1......|
Q20:	|0....-.. ........ ........ .-......|
Q21:	|1....-.. ......^. ........ ........| ok p=0.53418
Q22:	|-....+.. ........ ........ .^......| ok p=0.511719
Q23:	|.....+.. ........ ........ ........| ok p=0.972656
Q24:	|^....1.. ........ .......0 ........| ok p=1
Q25:	|.....0.. ........ .......1 ........| ok p=0.535156
Q26:	|........ ........ .......- ........| ok p=0.988281
Q27:	|........ ........ ........ ........| ok p=1
Q28:	|........ ........ .......^ ........| ok p=1
Q29:	|........ ........ ........ ........| ok p=1
Q30:	|........ ........ ........ ........| ok p=1
Q31:	|........ ........ ........ ........| ok p=1
Q32:	|........ ........ ........ ........| ok p=1
Q33:	|........ ........ ........ ........| ok p=1
Q34:	|........ ........ ........ ........| ok p=1
Q35:	|........ ........ ........ ........| ok p=1
Q36:	|........ ........ ........ ........| ok p=1
Q37:	|........ ........ ........ ........| ok p=1
Q38:	|........ ........ ........ ........| ok p=1
Q39:	|........ ........ ........ ........| ok p=1
Q40:	|........ ........ ........ ........| ok p=1
Q41:	|........ ........ ........ ........| ok p=1
Q42:	|........ ........ ........ ........| ok p=1
Q43:	|........ ........ ........ ........| ok p=1
Q44:	|........ ........ ........ ........| ok p=1
Q45:	|........ ........ ........ ........| ok p=1
Q46:	|0....... ........ ........ ........| ok p=1
Q47:	|1....... ........ ........ ........| ok p=0.508789
Q48:	|-....... ........ ........ ........| ok p=1
Q49:	|+....... ........ ........ ........| ok p=1
Q50:	|+....... ........ ........ ........| ok p=1
Q51:	|+....... ........ ........ ........| ok p=1
Q52:	|+....... ........ ........ ........| ok p=1
Q53:	|+....... ........ ........ ........| ok p=1
Q54:	|+....... ........ ........ ........| ok p=1
Q55:	|+....... ........ ........ ........| ok p=1
Q56:	|+....... ........ ........ ........| ok p=1
Q57:	|+....... ........ ........ ........| ok p=1
Q58:	|+....... ........ ........ ........| ok p=1
Q59:	|+....... ........ ........ ........| ok p=1
Q60:	|+....... ........ ........ ........| ok p=1
Q61:	|+....... 0....... ........ ........| ok p=1
Q62:	|+....... ........ ........ ........| ok p=0.996094
Q63:	|+....... +....... ........ ........| ok p=1
Q64:	|+....... +....... ........ ........|
Saving 640000 paths...done. (1.90735e-06s)
Autobalance parameters: maxcond=46
Verified: 0 bad out of 1034750
Estimating maxcond for upper bound 2560000 (=640000 * 4)...
t=20: 0%   10   20   30   40   50   60   70   80   90   100%
      |----|----|----|----|----|----|----|----|----|----|
e     ***************************************************
Found maxcond = 51
t=20: 0%   10   20   30   40   50   60   70   80   90   100%
      |----|----|----|----|----|----|----|----|----|----|
      ***************************************************
Q17:	|+....... ........ ........ ......+.|
Q18:	|........ ......1. ...1.... .0......|
Q19:	|-....... ......+. ...+.... .1......|
Q20:	|-....... ........ ........ .-......| ok p=1
Q21:	|+....0.. ......^. ...^.... ........| ok p=1
Q22:	|+....1.. ........ ........ .^......| ok p=0.500977
Q23:	|1....+.. ........ ........ ........| ok p=1
Q24:	|0....... ........ .......0 ........| ok p=1
Q25:	|.....^.. ........ .......1 ........| ok p=0.479492
Q26:	|........ ........ .......- ........| ok p=0.984375
Q27:	|........ ........ ........ ........| ok p=1
Q28:	|........ ........ .......^ ........| ok p=1
Q29:	|........ ........ ........ ........| ok p=1
Q30:	|........ ........ ........ ........| ok p=1
Q31:	|........ ........ ........ ........| ok p=1
Q32:	|........ ........ ........ ........| ok p=1
Q33:	|........ ........ ........ ........| ok p=1
Q34:	|........ ........ ........ ........| ok p=1
Q35:	|........ ........ ........ ........| ok p=1
Q36:	|........ ........ ........ ........| ok p=1
Q37:	|........ ........ ........ ........| ok p=1
Q38:	|........ ........ ........ ........| ok p=1
Q39:	|........ ........ ........ ........| ok p=1
Q40:	|........ ........ ........ ........| ok p=1
Q41:	|........ ........ ........ ........| ok p=1
Q42:	|........ ........ ........ ........| ok p=1
Q43:	|........ ........ ........ ........| ok p=1
Q44:	|........ ........ ........ ........| ok p=1
Q45:	|........ ........ ........ ........| ok p=1
Q46:	|0....... ........ ........ ........| ok p=1
Q47:	|1....... ........ ........ ........| ok p=0.524414
Q48:	|+....... ........ ........ ........| ok p=1
Q49:	|-....... ........ ........ ........| ok p=1
Q50:	|-....... ........ ........ ........| ok p=1
Q51:	|-....... ........ ........ ........| ok p=1
Q52:	|-....... ........ ........ ........| ok p=1
Q53:	|-....... ........ ........ ........| ok p=1
Q54:	|-....... ........ ........ ........| ok p=1
Q55:	|-....... ........ ........ ........| ok p=1
Q56:	|-....... ........ ........ ........| ok p=1
Q57:	|-....... ........ ........ ........| ok p=1
Q58:	|-....... ........ ........ ........| ok p=1
Q59:	|-....... ........ ........ ........| ok p=1
Q60:	|-....... ........ ........ ........| ok p=1
Q61:	|-....... 0....... ........ ........| ok p=1
Q62:	|-....... ........ ........ ........| ok p=0.995117
Q63:	|-....... +....... ........ ........| ok p=1
Q64:	|+....... +....... ........ ........|
Saving 640000 paths...done. (9.53674e-07s)
Autobalance parameters: maxcond=50
Verified: 0 bad out of 1035019
Estimating maxcond for upper bound 2560000 (=640000 * 4)...
t=19: 0%   10   20   30   40   50   60   70   80   90   100%
      |----|----|----|----|----|----|----|----|----|----|
e     ***************************************************
Found maxcond = 55
t=19: 0%   10   20   30   40   50   60   70   80   90   100%
      |----|----|----|----|----|----|----|----|----|----|
      ***************************************************
Q16:	|+.+....- .....-.. ........ ........|
Q17:	|........ ......+. ...0.... ......+.|
Q18:	|-....... ......0. ...1.... .0......|
Q19:	|-....... ......-. ...+.... .1....^.| ok p=0.871094
Q20:	|+....... ........ ........ .-......| ok p=1
Q21:	|+....0.. ......^. ...^.... ........| ok p=1
Q22:	|+....1.. ........ ........ .^......| ok p=0.498047
Q23:	|1....+.. ........ ........ ........| ok p=1
Q24:	|0....... ........ .......0 ........| ok p=1
Q25:	|.....^.. ........ .......1 ........| ok p=0.50293
Q26:	|........ ........ .......- ........| ok p=0.980469
Q27:	|........ ........ ........ ........| ok p=1
Q28:	|........ ........ .......^ ........| ok p=1
Q29:	|........ ........ ........ ........| ok p=1
Q30:	|........ ........ ........ ........| ok p=1
Q31:	|........ ........ ........ ........| ok p=1
Q32:	|........ ........ ........ ........| ok p=1
Q33:	|........ ........ ........ ........| ok p=1
Q34:	|........ ........ ........ ........| ok p=1
Q35:	|........ ........ ........ ........| ok p=1
Q36:	|........ ........ ........ ........| ok p=1
Q37:	|........ ........ ........ ........| ok p=1
Q38:	|........ ........ ........ ........| ok p=1
Q39:	|........ ........ ........ ........| ok p=1
Q40:	|........ ........ ........ ........| ok p=1
Q41:	|........ ........ ........ ........| ok p=1
Q42:	|........ ........ ........ ........| ok p=1
Q43:	|........ ........ ........ ........| ok p=1
Q44:	|........ ........ ........ ........| ok p=1
Q45:	|........ ........ ........ ........| ok p=1
Q46:	|0....... ........ ........ ........| ok p=1
Q47:	|1....... ........ ........ ........| ok p=0.495117
Q48:	|+....... ........ ........ ........| ok p=1
Q49:	|-....... ........ ........ ........| ok p=1
Q50:	|-....... ........ ........ ........| ok p=1
Q51:	|-....... ........ ........ ........| ok p=1
Q52:	|-....... ........ ........ ........| ok p=1
Q53:	|-....... ........ ........ ........| ok p=1
Q54:	|-....... ........ ........ ........| ok p=1
Q55:	|-....... ........ ........ ........| ok p=1
Q56:	|-....... ........ ........ ........| ok p=1
Q57:	|-....... ........ ........ ........| ok p=1
Q58:	|-....... ........ ........ ........| ok p=1
Q59:	|-....... ........ ........ ........| ok p=1
Q60:	|-....... ........ ........ ........| ok p=1
Q61:	|-....... 0....... ........ ........| ok p=1
Q62:	|-....... ........ ........ ........| ok p=0.994141
Q63:	|-....... +....... ........ ........| ok p=1
Q64:	|+....... +....... ........ ........|
Saving 640000 paths...done. (1.90735e-06s)
Autobalance parameters: maxcond=54
Verified: 0 bad out of 869628
Estimating maxcond for upper bound 2560000 (=640000 * 4)...
t=18: 0%   10   20   30   40   50   60   70   80   90   100%
      |----|----|----|----|----|----|----|----|----|----|
e     ***************************************************
Found maxcond = 62
t=18: 0%   10   20   30   40   50   60   70   80   90   100%
      |----|----|----|----|----|----|----|----|----|----|
      ***************************************************
Q15:	|.+...... .+...... .......+ ....-...|
Q16:	|..+..... --....-. ........ ......1.|
Q17:	|........ .0....1. ...0.... ......+.|
Q18:	|..^..... ^-....1. ...1.... .0......| ok p=0.739258
Q19:	|........ ......-. ...+.... .1....^.| ok p=0.874023
Q20:	|0....... .^...... ........ .-......| ok p=1
Q21:	|1....0.. ......^. ...^.... ........| ok p=0.457031
Q22:	|-....1.. ........ ........ .^......| ok p=0.512695
Q23:	|.....+.. ........ ........ ........| ok p=0.96875
Q24:	|^....... ........ .......0 ........| ok p=1
Q25:	|.....^.. ........ .......1 ........| ok p=0.493164
Q26:	|........ ........ .......- ........| ok p=0.984375
Q27:	|........ ........ ........ ........| ok p=1
Q28:	|........ ........ .......^ ........| ok p=1
Q29:	|........ ........ ........ ........| ok p=1
Q30:	|........ ........ ........ ........| ok p=1
Q31:	|........ ........ ........ ........| ok p=1
Q32:	|........ ........ ........ ........| ok p=1
Q33:	|........ ........ ........ ........| ok p=1
Q34:	|........ ........ ........ ........| ok p=1
Q35:	|........ ........ ........ ........| ok p=1
Q36:	|........ ........ ........ ........| ok p=1
Q37:	|........ ........ ........ ........| ok p=1
Q38:	|........ ........ ........ ........| ok p=1
Q39:	|........ ........ ........ ........| ok p=1
Q40:	|........ ........ ........ ........| ok p=1
Q41:	|........ ........ ........ ........| ok p=1
Q42:	|........ ........ ........ ........| ok p=1
Q43:	|........ ........ ........ ........| ok p=1
Q44:	|........ ........ ........ ........| ok p=1
Q45:	|........ ........ ........ ........| ok p=1
Q46:	|0....... ........ ........ ........| ok p=1
Q47:	|1....... ........ ........ ........| ok p=0.484375
Q48:	|-....... ........ ........ ........| ok p=1
Q49:	|-....... ........ ........ ........| ok p=1
Q50:	|+....... ........ ........ ........| ok p=1
Q51:	|-....... ........ ........ ........| ok p=1
Q52:	|+....... ........ ........ ........| ok p=1
Q53:	|-....... ........ ........ ........| ok p=1
Q54:	|+....... ........ ........ ........| ok p=1
Q55:	|-....... ........ ........ ........| ok p=1
Q56:	|+....... ........ ........ ........| ok p=1
Q57:	|-....... ........ ........ ........| ok p=1
Q58:	|+....... ........ ........ ........| ok p=1
Q59:	|-....... ........ ........ ........| ok p=1
Q60:	|+....... ........ ........ ........| ok p=1
Q61:	|-....... 0....... ........ ........| ok p=1
Q62:	|+....... ........ ........ ........| ok p=1
Q63:	|-....... +....... ........ ........| ok p=1
Q64:	|+....... +....... ........ ........|
Saving 640000 paths...done. (9.53674e-07s)
Autobalance parameters: maxcond=61
Verified: 0 bad out of 743678
Estimating maxcond for upper bound 2560000 (=640000 * 4)...
t=17: 0%   10   20   30   40   50   60   70   80   90   100%
      |----|----|----|----|----|----|----|----|----|----|
e     ***************************************************
Found maxcond = 69
t=17: 0%   10   20   30   40   50   60   70   80   90   100%
      |----|----|----|----|----|----|----|----|----|----|
      ***************************************************
Q14:	|+......- .-...... ......-. ........|
Q15:	|..-....1 ......+. ........ ......-.|
Q16:	|+.+....- ......-. ........ ......0.|
Q17:	|+.1..... ......+. ...0.... ......+.| ok p=0.237305
Q18:	|1.0....^ ......-. ...1.... .0......| ok p=0.44043
Q19:	|-....... ......-. ...+.... .1....^.| ok p=0.87793
Q20:	|+....... ......1. ........ .-......| ok p=1
Q21:	|-....0.. ......0. ...^.... ........| ok p=1
Q22:	|-....1.. ........ ........ .^......| ok p=0.550781
Q23:	|1....+.. ........ ........ ........| ok p=1
Q24:	|0....... ........ .......0 ........| ok p=1
Q25:	|.....^.. ........ .......1 ........| ok p=0.501953
Q26:	|........ ........ .......- ........| ok p=0.986328
Q27:	|........ ........ ........ ........| ok p=1
Q28:	|........ ........ .......^ ........| ok p=1
Q29:	|........ ........ ........ ........| ok p=1
Q30:	|........ ........ ........ ........| ok p=1
Q31:	|........ ........ ........ ........| ok p=1
Q32:	|........ ........ ........ ........| ok p=1
Q33:	|........ ........ ........ ........| ok p=1
Q34:	|........ ........ ........ ........| ok p=1
Q35:	|........ ........ ........ ........| ok p=1
Q36:	|........ ........ ........ ........| ok p=1
Q37:	|........ ........ ........ ........| ok p=1
Q38:	|........ ........ ........ ........| ok p=1
Q39:	|........ ........ ........ ........| ok p=1
Q40:	|........ ........ ........ ........| ok p=1
Q41:	|........ ........ ........ ........| ok p=1
Q42:	|........ ........ ........ ........| ok p=1
Q43:	|........ ........ ........ ........| ok p=1
Q44:	|........ ........ ........ ........| ok p=1
Q45:	|........ ........ ........ ........| ok p=1
Q46:	|0....... ........ ........ ........| ok p=1
Q47:	|1....... ........ ........ ........| ok p=0.515625
Q48:	|-....... ........ ........ ........| ok p=1
Q49:	|-....... ........ ........ ........| ok p=1
Q50:	|+....... ........ ........ ........| ok p=1
Q51:	|-....... ........ ........ ........| ok p=1
Q52:	|+....... ........ ........ ........| ok p=1
Q53:	|-....... ........ ........ ........| ok p=1
Q54:	|+....... ........ ........ ........| ok p=1
Q55:	|-....... ........ ........ ........| ok p=1
Q56:	|+....... ........ ........ ........| ok p=1
Q57:	|-....... ........ ........ ........| ok p=1
Q58:	|+....... ........ ........ ........| ok p=1
Q59:	|-....... ........ ........ ........| ok p=1
Q60:	|+....... ........ ........ ........| ok p=1
Q61:	|-....... 0....... ........ ........| ok p=1
Q62:	|+....... ........ ........ ........| ok p=1
Q63:	|-....... +....... ........ ........| ok p=1
Q64:	|+....... +....... ........ ........|
Saving 640000 paths...done. (1.90735e-06s)
Autobalance parameters: maxcond=67
Verified: 5868 bad out of 1131177
Estimating maxcond for upper bound 2560000 (=640000 * 4)...
t=16: 0%   10   20   30   40   50   60   70   80   90   100%
      |----|----|----|----|----|----|----|----|----|----|
e     ***************************************************
Found maxcond = 74
t=16: 0%   10   20   30   40   50   60   70   80   90   100%
      |----|----|----|----|----|----|----|----|----|----|
      ***************************************************
Q13:	|...-.+.- ....+... ..+..... ........|
Q14:	|..1....0 ......+. ......-. ........|
Q15:	|0.-....0 ......0. ........ ......0.|
Q16:	|..+....- ......-. ......^. ......1.| ok p=0.558594
Q17:	|-.1..... ......+. ...0.... ......+.| ok p=0.996094
Q18:	|-.0....^ ......-. ...1.... .0......| ok p=0.741211
Q19:	|+....... ......-. ...+.... .1....^.| ok p=0.885742
Q20:	|+....... ......1. ........ .-......| ok p=1
Q21:	|+....0.. ......0. ...^.... ........| ok p=1
Q22:	|+....1.. ........ ........ .^......| ok p=0.504883
Q23:	|1....+.. ........ ........ ........| ok p=1
Q24:	|0....... ........ .......0 ........| ok p=1
Q25:	|.....^.. ........ .......1 ........| ok p=0.487305
Q26:	|........ ........ .......- ........| ok p=0.982422
Q27:	|........ ........ ........ ........| ok p=1
Q28:	|........ ........ .......^ ........| ok p=1
Q29:	|........ ........ ........ ........| ok p=1
Q30:	|........ ........ ........ ........| ok p=1
Q31:	|........ ........ ........ ........| ok p=1
Q32:	|........ ........ ........ ........| ok p=1
Q33:	|........ ........ ........ ........| ok p=1
Q34:	|........ ........ ........ ........| ok p=1
Q35:	|........ ........ ........ ........| ok p=1
Q36:	|........ ........ ........ ........| ok p=1
Q37:	|........ ........ ........ ........| ok p=1
Q38:	|........ ........ ........ ........| ok p=1
Q39:	|........ ........ ........ ........| ok p=1
Q40:	|........ ........ ........ ........| ok p=1
Q41:	|........ ........ ........ ........| ok p=1
Q42:	|........ ........ ........ ........| ok p=1
Q43:	|........ ........ ........ ........| ok p=1
Q44:	|........ ........ ........ ........| ok p=1
Q45:	|........ ........ ........ ........| ok p=1
Q46:	|0....... ........ ........ ........| ok p=1
Q47:	|1....... ........ ........ ........| ok p=0.508789
Q48:	|-....... ........ ........ ........| ok p=1
Q49:	|+....... ........ ........ ........| ok p=1
Q50:	|+....... ........ ........ ........| ok p=1
Q51:	|+....... ........ ........ ........| ok p=1
Q52:	|+....... ........ ........ ........| ok p=1
Q53:	|+....... ........ ........ ........| ok p=1
Q54:	|+....... ........ ........ ........| ok p=1
Q55:	|+....... ........ ........ ........| ok p=1
Q56:	|+....... ........ ........ ........| ok p=1
Q57:	|+....... ........ ........ ........| ok p=1
Q58:	|+....... ........ ........ ........| ok p=1
Q59:	|+....... ........ ........ ........| ok p=1
Q60:	|+....... ........ ........ ........| ok p=1
Q61:	|+....... 0....... ........ ........| ok p=1
Q62:	|+....... ........ ........ ........| ok p=0.995117
Q63:	|+....... +....... ........ ........| ok p=1
Q64:	|+....... +....... ........ ........|
Saving 640000 paths...done. (9.13745s)
Autobalance parameters: maxcond=73
Verified: 285 bad out of 911846
Runtime: 64.7096
